\BOOKMARK [0][-]{chapter.1}{\376\377\000H\000e\000r\000r\000a\000m\000i\000e\000n\000t\000a\000s}{}% 1
\BOOKMARK [1][-]{section.1.1}{\376\377\000E\000d\000i\000t\000o\000r\000,\000\040\000c\000o\000m\000p\000i\000l\000a\000d\000o\000r\000\040\000\050\000`\000`\000c\000o\000m\000p\000i\000l\000e\000r\000'\000'\000\051\000\040\000y\000\040\000e\000n\000l\000a\000z\000a\000d\000o\000r\000\040\000\050\000`\000`\000l\000i\000n\000k\000e\000r\000'\000'\000\051}{chapter.1}% 2
\BOOKMARK [1][-]{section.1.2}{\376\377\000A\000u\000t\000o\000m\000a\000t\000i\000z\000a\000c\000i\000\363\000n\000\040\000d\000e\000l\000\040\000p\000r\000o\000c\000e\000s\000o\000\040\000d\000e\000\040\000c\000o\000m\000p\000i\000l\000a\000c\000i\000\363\000n}{chapter.1}% 3
\BOOKMARK [1][-]{section.1.3}{\376\377\000E\000l\000\040\000c\000o\000m\000p\000i\000l\000a\000d\000o\000r\000\040\000e\000s\000\040\000t\000u\000\040\000m\000e\000j\000o\000r\000\040\000a\000l\000i\000a\000d\000o\000,\000.\000.\000.\000\040\000s\000i\000\040\000l\000e\000\040\000p\000e\000r\000m\000i\000t\000e\000s\000\040\000s\000u\000p\000e\000r\000v\000i\000s\000a\000r\000\040\000e\000l\000\040\000c\000\363\000d\000i\000g\000o\000.}{chapter.1}% 4
\BOOKMARK [1][-]{section.1.4}{\376\377\000E\000l\000\040\000t\000r\000a\000t\000a\000m\000i\000e\000n\000t\000o\000\040\000d\000e\000\040\000e\000x\000c\000e\000p\000c\000i\000o\000n\000e\000s\000\040\000t\000a\000m\000b\000i\000\351\000n\000\040\000e\000s\000\040\000t\000u\000\040\000a\000l\000i\000a\000d\000o\000,\000.\000.\000.\000\040\000s\000i\000\040\000n\000o\000\040\000l\000o\000\040\000u\000s\000a\000s\000\040\000p\000a\000r\000a\000\040\000e\000n\000t\000e\000r\000r\000a\000r\000\040\000l\000a\000\040\000c\000a\000b\000e\000z\000a\000\040\000b\000a\000j\000o\000\040\000e\000l\000\040\000s\000u\000e\000l\000o\000\040\000e\000\040\000i\000g\000n\000o\000r\000a\000r\000\040\000l\000a\000s\000\040\000e\000x\000c\000e\000p\000c\000i\000o\000n\000e\000s\000.}{chapter.1}% 5
\BOOKMARK [1][-]{section.1.5}{\376\377\000D\000e\000p\000u\000r\000a\000d\000o\000r\000\040\000\050\000`\000`\000d\000e\000b\000u\000g\000g\000e\000r\000'\000'\000\051}{chapter.1}% 6
\BOOKMARK [1][-]{section.1.6}{\376\377\000M\000a\000r\000c\000o\000\040\000d\000e\000\040\000e\000j\000e\000c\000u\000c\000i\000\363\000n\000\040\000d\000e\000\040\000p\000r\000u\000e\000b\000a\000s\000\050\000`\000`\000t\000e\000s\000t\000\040\000f\000r\000a\000m\000e\000w\000o\000r\000k\000'\000'\000\051}{chapter.1}% 7
\BOOKMARK [1][-]{section.1.7}{\376\377\000G\000e\000s\000t\000o\000r\000\040\000d\000e\000\040\000v\000e\000r\000s\000i\000o\000n\000e\000s\000\040\000\050\000`\000`\000v\000e\000r\000s\000i\000o\000n\000\040\000c\000o\000n\000t\000r\000o\000l\000'\000'\000\051}{chapter.1}% 8
\BOOKMARK [1][-]{section.1.8}{\376\377\000L\000a\000\040\000d\000o\000c\000u\000m\000e\000n\000t\000a\000c\000i\000\363\000n\000\040\000d\000e\000l\000\040\000s\000i\000s\000t\000e\000m\000a}{chapter.1}% 9
\BOOKMARK [1][-]{section.1.9}{\376\377\000C\000o\000m\000p\000r\000o\000b\000a\000d\000o\000r\000\040\000e\000s\000t\000\341\000t\000i\000c\000o\000\040\000d\000e\000\040\000c\000\363\000d\000i\000g\000o\000\040\000\050\000`\000`\000l\000i\000n\000t\000e\000r\000'\000'\000\051}{chapter.1}% 10
\BOOKMARK [1][-]{section.1.10}{\376\377\000A\000n\000a\000l\000i\000z\000a\000d\000o\000r\000\040\000d\000e\000\040\000r\000e\000n\000d\000i\000m\000i\000e\000n\000t\000o\000\040\000\050\000`\000`\000p\000r\000o\000f\000i\000l\000e\000r\000'\000'\000\051}{chapter.1}% 11
\BOOKMARK [1][-]{section.1.11}{\376\377\000A\000u\000t\000o\000m\000a\000t\000i\000z\000a\000c\000i\000\363\000n\000\040\000d\000e\000\040\000t\000o\000d\000o\000\040\000e\000l\000\040\000p\000r\000o\000c\000e\000s\000o\000:\000e\000s\000t\000r\000a\000t\000\351\000g\000i\000a\000s\000\040\000`\000`\000C\000I\000/\000C\000D\000'\000'\000\040\000y\000\040\000e\000n\000f\000o\000q\000u\000e\000\040\000`\000`\000D\000e\000v\000O\000p\000s\000'\000'}{chapter.1}% 12
\BOOKMARK [0][-]{chapter.2}{\376\377\000O\000r\000g\000a\000n\000i\000z\000a\000c\000i\000\363\000n\000:\000\040\000g\000e\000s\000t\000i\000\363\000n\000\040\000d\000e\000\040\000p\000r\000o\000y\000e\000c\000t\000o\000s}{}% 13
\BOOKMARK [1][-]{section.2.1}{\376\377\000R\000e\000q\000u\000i\000s\000i\000t\000o\000s\000\040\000y\000\040\000t\000a\000r\000e\000a\000s\000:\000\040\000f\000u\000n\000c\000i\000o\000n\000a\000l\000i\000d\000a\000d\000e\000s\000\040\000a\000\040\000i\000m\000p\000l\000e\000m\000e\000n\000t\000a\000r}{chapter.2}% 14
\BOOKMARK [1][-]{section.2.2}{\376\377\000E\000s\000t\000i\000m\000a\000c\000i\000\363\000n\000\040\000d\000e\000\040\000l\000o\000\040\000q\000u\000e\000\040\000s\000u\000p\000o\000n\000e\000\040\000c\000a\000d\000a\000\040\000r\000e\000q\000u\000i\000s\000i\000t\000o\000\040\000o\000\040\000t\000a\000r\000e\000a}{chapter.2}% 15
\BOOKMARK [2][-]{subsection.2.2.1}{\376\377\000c\000o\000s\000t\000e\000\040\000d\000e\000\040\000i\000m\000p\000l\000e\000m\000e\000n\000t\000a\000c\000i\000\363\000n}{section.2.2}% 16
\BOOKMARK [2][-]{subsection.2.2.2}{\376\377\000v\000a\000l\000o\000r\000\040\000a\000p\000o\000r\000t\000a\000d\000o\000\040\000a\000l\000\040\000c\000l\000i\000e\000n\000t\000e}{section.2.2}% 17
\BOOKMARK [1][-]{section.2.3}{\376\377\000P\000r\000i\000o\000r\000i\000d\000a\000d\000e\000s\000:\000\040\000e\000n\000\040\000q\000u\000\351\000\040\000o\000r\000d\000e\000n\000\040\000a\000b\000o\000r\000d\000a\000r\000\040\000l\000o\000s\000\040\000t\000r\000a\000b\000a\000j\000o\000s}{chapter.2}% 18
\BOOKMARK [1][-]{section.2.4}{\376\377\000S\000e\000c\000u\000e\000n\000c\000i\000a\000c\000i\000\363\000n\000\040\000d\000e\000\040\000t\000a\000r\000e\000a\000s}{chapter.2}% 19
\BOOKMARK [1][-]{section.2.5}{\376\377\000S\000e\000g\000u\000i\000m\000i\000e\000n\000t\000o\000\040\000d\000e\000l\000\040\000p\000r\000o\000g\000r\000e\000s\000o}{chapter.2}% 20
\BOOKMARK [2][-]{subsection.2.5.1}{\376\377\000c\000o\000n\000t\000r\000o\000l\000\040\000d\000e\000\040\000r\000e\000c\000u\000r\000s\000o\000s\000\040\000c\000o\000n\000s\000u\000m\000i\000d\000o\000s}{section.2.5}% 21
\BOOKMARK [2][-]{subsection.2.5.2}{\376\377\000d\000i\000f\000u\000s\000i\000\363\000n\000\040\000d\000e\000\040\000i\000n\000f\000o\000r\000m\000a\000c\000i\000\363\000n}{section.2.5}% 22
\BOOKMARK [0][-]{chapter.3}{\376\377\000P\000a\000r\000a\000d\000i\000g\000m\000a\000s\000\040\000y\000\040\000l\000e\000n\000g\000u\000a\000j\000e\000s\000\040\000d\000e\000\040\000p\000r\000o\000g\000r\000a\000m\000a\000c\000i\000\363\000n}{}% 23
\BOOKMARK [1][-]{section.3.1}{\376\377\000I\000m\000p\000e\000r\000a\000t\000i\000v\000o\000/\000p\000r\000o\000c\000e\000d\000u\000r\000a\000l\000\040\000:\000\040\000m\000\341\000q\000u\000i\000n\000a}{chapter.3}% 24
\BOOKMARK [1][-]{section.3.2}{\376\377\000I\000m\000p\000e\000r\000a\000t\000i\000v\000o\000/\000p\000r\000o\000c\000e\000d\000u\000r\000a\000l\000\040\000:\000\040\000e\000s\000t\000r\000u\000c\000t\000u\000r\000a\000d\000o}{chapter.3}% 25
\BOOKMARK [1][-]{section.3.3}{\376\377\000O\000r\000i\000e\000n\000t\000a\000d\000o\000\040\000a\000\040\000o\000b\000j\000e\000t\000o}{chapter.3}% 26
\BOOKMARK [1][-]{section.3.4}{\376\377\000F\000u\000n\000c\000i\000o\000n\000a\000l}{chapter.3}% 27
\BOOKMARK [0][-]{chapter.4}{\376\377\000A\000r\000q\000u\000i\000t\000e\000c\000t\000u\000r\000a\000s\000\040\000d\000e\000\040\000s\000o\000f\000t\000w\000a\000r\000e}{}% 28
\BOOKMARK [1][-]{section.4.1}{\376\377\000S\000e\000g\000\372\000n\000\040\000s\000e\000\040\000r\000e\000p\000a\000r\000t\000e\000\040\000e\000l\000\040\000c\000\363\000d\000i\000g\000o\000,\000\040\000s\000e\000\040\000p\000u\000e\000d\000e\000\040\000d\000i\000s\000t\000i\000n\000g\000u\000i\000r\000\040\000e\000n\000t\000r\000e\000:}{chapter.4}% 29
\BOOKMARK [2][-]{subsection.4.1.1}{\376\377\000M\000o\000n\000o\000l\000\355\000t\000i\000c\000o}{section.4.1}% 30
\BOOKMARK [2][-]{subsection.4.1.2}{\376\377\000M\000o\000n\000o\000l\000i\000t\000o}{section.4.1}% 31
\BOOKMARK [2][-]{subsection.4.1.3}{\376\377\000D\000i\000s\000t\000r\000i\000b\000u\000i\000d\000o}{section.4.1}% 32
\BOOKMARK [1][-]{section.4.2}{\376\377\000S\000e\000g\000\372\000n\000\040\000c\000\363\000m\000o\000\040\000s\000e\000\040\000r\000e\000p\000a\000r\000t\000e\000\040\000l\000a\000\040\000f\000u\000n\000c\000i\000o\000n\000a\000l\000i\000d\000a\000d\000,\000\040\000s\000e\000\040\000p\000u\000e\000d\000e\000\040\000d\000i\000s\000t\000i\000n\000g\000u\000i\000r\000\040\000e\000n\000t\000r\000e\000:}{chapter.4}% 33
\BOOKMARK [2][-]{subsection.4.2.1}{\376\377\000D\000e\000s\000k\000t\000o\000p\000,\000\040\000`\000`\000d\000e\000\040\000e\000s\000c\000r\000i\000t\000o\000r\000i\000o\000'\000'}{section.4.2}% 34
\BOOKMARK [2][-]{subsection.4.2.2}{\376\377\000C\000l\000i\000e\000n\000t\000e\000/\000S\000e\000r\000v\000i\000d\000o\000r}{section.4.2}% 35
\BOOKMARK [2][-]{subsection.4.2.3}{\376\377\000\050\000m\000i\000c\000r\000o\000\051\000S\000e\000r\000v\000i\000c\000i\000o\000s\000\040\000d\000i\000s\000t\000r\000i\000b\000u\000i\000d\000o\000s}{section.4.2}% 36
\BOOKMARK [0][-]{chapter.5}{\376\377\000P\000a\000t\000r\000o\000n\000e\000s\000\040\000d\000e\000\040\000p\000r\000o\000g\000r\000a\000m\000a\000c\000i\000\363\000n\000\040\000\050\000p\000a\000t\000t\000e\000r\000n\000s\000\051}{}% 37
\BOOKMARK [1][-]{section.5.1}{\376\377\000R\000a\000t\000i\000o\000n\000a\000l\000e\000,\000\040\000e\000l\000\040\000p\000o\000r\000\040\000q\000u\000\351\000\040\000d\000e\000\040\000l\000o\000s\000\040\000p\000a\000t\000r\000o\000n\000e\000s}{chapter.5}% 38
\BOOKMARK [1][-]{section.5.2}{\376\377\000E\000j\000e\000m\000p\000l\000o\000s\000\040\000d\000e\000\040\000a\000l\000g\000u\000n\000o\000s\000\040\000p\000a\000t\000r\000o\000n\000e\000s}{chapter.5}% 39
\BOOKMARK [2][-]{subsection.5.2.1}{\376\377\000o\000b\000s\000e\000r\000v\000e\000r}{section.5.2}% 40
\BOOKMARK [2][-]{subsection.5.2.2}{\376\377\000c\000h\000a\000i\000n\000\040\000o\000f\000\040\000r\000e\000s\000p\000o\000n\000s\000i\000b\000i\000l\000i\000t\000y}{section.5.2}% 41
\BOOKMARK [2][-]{subsection.5.2.3}{\376\377\000c\000o\000m\000m\000a\000n\000d}{section.5.2}% 42
\BOOKMARK [2][-]{subsection.5.2.4}{\376\377\000m\000e\000m\000e\000n\000t\000o}{section.5.2}% 43
\BOOKMARK [2][-]{subsection.5.2.5}{\376\377\000a\000d\000a\000p\000t\000e\000r}{section.5.2}% 44
\BOOKMARK [2][-]{subsection.5.2.6}{\376\377\000d\000e\000c\000o\000r\000a\000t\000o\000r}{section.5.2}% 45
\BOOKMARK [2][-]{subsection.5.2.7}{\376\377\000f\000a\000c\000a\000d\000e}{section.5.2}% 46
\BOOKMARK [2][-]{subsection.5.2.8}{\376\377\000p\000r\000o\000x\000y}{section.5.2}% 47
\BOOKMARK [0][-]{chapter.6}{\376\377\000A\000l\000g\000o\000r\000i\000t\000m\000o\000s}{}% 48
\BOOKMARK [1][-]{section.6.1}{\376\377\000O\000r\000d\000e\000n\000a\000c\000i\000\363\000n\000,\000\040\000c\000l\000a\000s\000i\000f\000i\000c\000a\000c\000i\000\363\000n\000\040\000y\000\040\000b\000\372\000s\000q\000u\000e\000d\000a}{chapter.6}% 49
\BOOKMARK [2][-]{subsection.6.1.1}{\376\377\000b\000\372\000s\000q\000u\000e\000d\000a\000s\000\040\000d\000i\000r\000e\000c\000t\000a\000s}{section.6.1}% 50
\BOOKMARK [2][-]{subsection.6.1.2}{\376\377\000e\000s\000t\000r\000u\000c\000t\000u\000r\000a\000c\000i\000\363\000n\000\040\000a\000r\000b\000\363\000r\000e\000a}{section.6.1}% 51
\BOOKMARK [2][-]{subsection.6.1.3}{\376\377\000e\000s\000t\000r\000u\000c\000t\000u\000r\000a\000c\000i\000\363\000n\000\040\000i\000n\000d\000e\000x\000a\000d\000a}{section.6.1}% 52
\BOOKMARK [2][-]{subsection.6.1.4}{\376\377\000e\000s\000t\000r\000u\000c\000t\000u\000r\000a\000c\000i\000\363\000n\000\040\000s\000e\000m\000\341\000n\000t\000i\000c\000a}{section.6.1}% 53
\BOOKMARK [1][-]{section.6.2}{\376\377\000C\000\341\000l\000c\000u\000l\000o\000\040\000n\000u\000m\000\351\000r\000i\000c\000o\000\040\000o\000\040\000s\000i\000m\000b\000\363\000l\000i\000c\000o}{chapter.6}% 54
\BOOKMARK [2][-]{subsection.6.2.1}{\376\377\000e\000c\000u\000a\000c\000i\000o\000n\000e\000s\000\040\000l\000i\000n\000e\000a\000l\000e\000s}{section.6.2}% 55
\BOOKMARK [2][-]{subsection.6.2.2}{\376\377\000d\000e\000r\000i\000v\000a\000c\000i\000\363\000n\000\040\000e\000\040\000i\000n\000t\000e\000g\000r\000a\000c\000i\000\363\000n}{section.6.2}% 56
\BOOKMARK [2][-]{subsection.6.2.3}{\376\377\000s\000e\000r\000i\000e\000s\000\040\000d\000e\000\040\000T\000a\000y\000l\000o\000r}{section.6.2}% 57
\BOOKMARK [2][-]{subsection.6.2.4}{\376\377\000t\000r\000a\000n\000s\000f\000o\000r\000m\000a\000d\000a\000s\000\040\000d\000e\000\040\000F\000o\000u\000r\000i\000e\000r}{section.6.2}% 58
\BOOKMARK [1][-]{section.6.3}{\376\377\000O\000p\000t\000i\000m\000i\000z\000a\000c\000i\000\363\000n\000,\000\040\000p\000r\000o\000g\000r\000a\000m\000a\000c\000i\000\363\000n\000\040\000l\000i\000n\000e\000a\000l}{chapter.6}% 59
\BOOKMARK [1][-]{section.6.4}{\376\377\000C\000o\000m\000b\000i\000n\000a\000t\000o\000r\000i\000o\000s}{chapter.6}% 60
\BOOKMARK [2][-]{subsection.6.4.1}{\376\377\000b\000\372\000s\000q\000u\000e\000d\000a\000\040\000p\000o\000r\000\040\000`\000`\000f\000u\000e\000r\000z\000a\000\040\000b\000r\000u\000t\000a\000'\000'}{section.6.4}% 61
\BOOKMARK [2][-]{subsection.6.4.2}{\376\377\000b\000\372\000s\000q\000u\000e\000d\000a\000s\000\040\000r\000e\000d\000u\000c\000i\000d\000a\000s\000,\000\040\000e\000n\000\040\000p\000r\000o\000f\000u\000n\000d\000i\000d\000a\000d\000\040\000o\000\040\000e\000n\000\040\000a\000n\000c\000h\000u\000r\000a}{section.6.4}% 62
\BOOKMARK [2][-]{subsection.6.4.3}{\376\377\000h\000e\000u\000r\000\355\000s\000t\000i\000c\000a\000s}{section.6.4}% 63
\BOOKMARK [2][-]{subsection.6.4.4}{\376\377\000m\000\351\000t\000o\000d\000o\000s\000\040\000d\000e\000\040\000M\000o\000n\000t\000e\000c\000a\000r\000l\000o}{section.6.4}% 64
\BOOKMARK [1][-]{section.6.5}{\376\377\000A\000l\000g\000o\000r\000i\000t\000m\000o\000s\000\040\000q\000u\000e\000\040\000a\000p\000r\000e\000n\000d\000e\000n}{chapter.6}% 65
\BOOKMARK [1][-]{section.6.6}{\376\377\000A\000l\000g\000o\000r\000i\000t\000m\000o\000s\000\040\000q\000u\000e\000\040\000e\000v\000o\000l\000u\000c\000i\000o\000n\000a\000n}{chapter.6}% 66
\BOOKMARK [0][-]{chapter.7}{\376\377\000\277\000G\000i\000g\000a\000n\000t\000e\000s\040\046\000?\000\040\000o\000\040\000\277\000M\000o\000l\000i\000n\000o\000s\000?\040\046}{}% 67
\BOOKMARK [1][-]{section.7.1}{\376\377\000c\000\363\000m\000o\000\040\000n\000o\000m\000b\000r\000a\000r\000\040\000l\000a\000s\000\040\000v\000a\000r\000i\000a\000b\000l\000e\000s\000\040\000?\000!\000?}{chapter.7}% 68
\BOOKMARK [1][-]{section.7.2}{\376\377\000c\000\363\000m\000o\000\040\000a\000b\000r\000i\000r\000-\000c\000e\000r\000r\000a\000r\000\040\000b\000l\000o\000q\000u\000e\000s\000\040\000?\000!\000?}{chapter.7}% 69
\BOOKMARK [1][-]{section.7.3}{\376\377\000q\000u\000\351\000\040\000u\000s\000a\000r\000\040\000p\000a\000r\000a\000\040\000l\000a\000\040\000i\000n\000d\000e\000n\000t\000a\000c\000i\000\363\000n\000:\000\040\000t\000a\000b\000u\000l\000a\000d\000o\000r\000e\000s\000\040\000?\000!\000?\000\040\000o\000\040\000e\000s\000p\000a\000c\000i\000o\000s\000\040\000?\000!\000?\000\040}{chapter.7}% 70
\BOOKMARK [1][-]{section.7.4}{\376\377\000l\000o\000n\000g\000i\000t\000u\000d\000\040\000d\000e\000\040\000n\000o\000m\000b\000r\000e\000s\000\040\000p\000a\000r\000a\000\040\000v\000a\000r\000i\000a\000b\000l\000e\000s\000\040\000y\000\040\000f\000u\000n\000c\000i\000o\000n\000e\000s\000\040\000?\000!\000?}{chapter.7}% 71
\BOOKMARK [1][-]{section.7.5}{\376\377\000u\000s\000a\000r\000\040\000d\000o\000c\000u\000m\000e\000n\000t\000a\000c\000i\000\363\000n\000/\000c\000o\000m\000e\000n\000t\000a\000r\000i\000o\000s\000\040\000e\000x\000t\000e\000r\000n\000o\000s\000\040\000o\000\040\000h\000a\000c\000e\000r\000\040\000q\000u\000e\000\040\000e\000l\000\040\000p\000r\000o\000p\000i\000o\000\040\000c\000\363\000d\000i\000g\000o\000\040\000s\000e\000a\000\040\000c\000l\000a\000r\000o\000\040\000d\000e\000\040\000l\000e\000e\000r\000\040\000?\000!\000?}{chapter.7}% 72
\BOOKMARK [1][-]{section.7.6}{\376\377\000U\000n\000\040\000c\000o\000n\000s\000e\000j\000o\000:}{chapter.7}% 73
\BOOKMARK [0][-]{chapter.8}{\376\377\000A\000l\000g\000u\000n\000o\000s\000\040\000c\000o\000n\000c\000e\000p\000t\000o\000s\000\040\000i\000m\000p\000o\000r\000t\000a\000n\000t\000e\000s\000\040\000p\000a\000r\000a\000\040\000o\000b\000t\000e\000n\000e\000r\000\040\000s\000o\000f\000t\000w\000a\000r\000e\000\040\000d\000e\000\040\000c\000a\000l\000i\000d\000a\000d}{}% 74
\BOOKMARK [1][-]{section.8.1}{\376\377\000G\000I\000G\000O\000,\000\040\000l\000a\000\040\000c\000a\000l\000i\000d\000a\000d\000\040\000e\000n\000\040\000l\000o\000s\000\040\000d\000a\000t\000o\000s\000\040\000e\000s\000\040\000i\000m\000p\000o\000r\000t\000a\000n\000t\000e}{chapter.8}% 75
\BOOKMARK [1][-]{section.8.2}{\376\377\000K\000I\000S\000S\000,\000\040\000c\000u\000a\000n\000t\000o\000\040\000m\000\341\000s\000\040\000s\000i\000m\000p\000l\000e\000,\000\040\000m\000e\000n\000o\000s\000\040\000p\000r\000o\000b\000l\000e\000m\000a\000s}{chapter.8}% 76
\BOOKMARK [1][-]{section.8.3}{\376\377\000Y\000A\000G\000N\000I\000,\000\040\000f\000l\000e\000x\000i\000b\000i\000l\000i\000d\000a\000d\000\040\000p\000a\000r\000a\000\040\000e\000v\000o\000l\000u\000c\000i\000o\000n\000a\000r}{chapter.8}% 77
\BOOKMARK [1][-]{section.8.4}{\376\377\000D\000i\000v\000i\000d\000e\000\040\000y\000\040\000v\000e\000n\000c\000e\000r\000\341\000s}{chapter.8}% 78
\BOOKMARK [1][-]{section.8.5}{\376\377\000A\000r\000q\000u\000i\000t\000e\000c\000t\000u\000r\000a\000s\000\040\000m\000u\000l\000t\000i\000-\000c\000a\000p\000a}{chapter.8}% 79
\BOOKMARK [1][-]{section.8.6}{\376\377\000S\000O\000L\000I\000D\000,\000\040\000r\000e\000s\000p\000o\000n\000s\000a\000b\000i\000l\000i\000d\000a\000d\000e\000s\000\040\000c\000l\000a\000r\000a\000s\000,\000\040\000c\000a\000d\000a\000\040\000p\000a\000r\000t\000e\000\040\000h\000a\000c\000e\000\040\000l\000o\000\040\000s\000u\000y\000o\000,\000\040\000y\000\040\000l\000o\000\040\000h\000a\000c\000e\000\040\000b\000i\000e\000n}{chapter.8}% 80
\BOOKMARK [2][-]{subsection.8.6.1}{\376\377\000S\000R\000P\000\040\000\050\000S\000i\000n\000g\000l\000e\000\040\000R\000e\000s\000p\000o\000n\000s\000i\000b\000i\000l\000i\000t\000y\000\040\000P\000r\000i\000n\000c\000i\000p\000l\000e\000\051}{section.8.6}% 81
\BOOKMARK [2][-]{subsection.8.6.2}{\376\377\000O\000C\000P\000\040\000\050\000O\000p\000e\000n\000\040\000C\000l\000o\000s\000e\000\040\000P\000r\000i\000n\000c\000i\000p\000l\000e\000\051}{section.8.6}% 82
\BOOKMARK [2][-]{subsection.8.6.3}{\376\377\000L\000S\000P\000\040\000\050\000L\000i\000s\000k\000o\000v\000\040\000S\000u\000b\000s\000t\000i\000t\000u\000t\000i\000o\000n\000\040\000P\000r\000i\000n\000c\000i\000p\000l\000e\000\051}{section.8.6}% 83
\BOOKMARK [2][-]{subsection.8.6.4}{\376\377\000I\000S\000P\000\040\000\050\000I\000n\000t\000e\000r\000f\000a\000c\000e\000\040\000S\000e\000g\000r\000e\000g\000a\000t\000i\000o\000n\000\040\000P\000r\000i\000n\000c\000i\000p\000l\000e\000\051}{section.8.6}% 84
\BOOKMARK [2][-]{subsection.8.6.5}{\376\377\000D\000I\000P\000\040\000\050\000D\000e\000p\000e\000n\000d\000e\000n\000c\000y\000\040\000I\000n\000v\000e\000r\000s\000i\000o\000n\000\040\000P\000r\000i\000n\000c\000i\000p\000l\000e\000\051}{section.8.6}% 85
\BOOKMARK [1][-]{section.8.7}{\376\377\000I\000D\000E\000A\000L\000S\000,\000\040\000r\000e\000s\000p\000o\000n\000s\000a\000b\000i\000l\000i\000d\000a\000d\000e\000s\000\040\000c\000l\000a\000r\000a\000s\000,\000\040\000c\000a\000d\000a\000\040\000p\000a\000r\000t\000e\000\040\000h\000a\000c\000e\000\040\000l\000o\000\040\000s\000u\000y\000o\000,\000\040\000y\000\040\000l\000o\000\040\000h\000a\000c\000e\000\040\000b\000i\000e\000n}{chapter.8}% 86
\BOOKMARK [2][-]{subsection.8.7.1}{\376\377\000I\000n\000t\000e\000r\000f\000a\000c\000e\000\040\000s\000e\000g\000r\000e\000g\000a\000t\000i\000o\000n}{section.8.7}% 87
\BOOKMARK [2][-]{subsection.8.7.2}{\376\377\000D\000e\000p\000l\000o\000y\000a\000b\000i\000l\000i\000t\000y}{section.8.7}% 88
\BOOKMARK [2][-]{subsection.8.7.3}{\376\377\000E\000v\000e\000n\000t\000-\000d\000r\000i\000v\000e\000n}{section.8.7}% 89
\BOOKMARK [2][-]{subsection.8.7.4}{\376\377\000A\000v\000a\000i\000l\000a\000b\000i\000l\000i\000t\000y\000\040\000o\000v\000e\000r\000\040\000c\000o\000n\000s\000i\000s\000t\000e\000n\000c\000y}{section.8.7}% 90
\BOOKMARK [2][-]{subsection.8.7.5}{\376\377\000L\000o\000o\000s\000e\000-\000c\000o\000u\000p\000l\000i\000n\000g}{section.8.7}% 91
\BOOKMARK [2][-]{subsection.8.7.6}{\376\377\000S\000i\000n\000g\000l\000e\000\040\000r\000e\000s\000p\000o\000n\000s\000i\000b\000i\000l\000i\000t\000y}{section.8.7}% 92
\BOOKMARK [0][-]{chapter.9}{\376\377\000S\000u\000g\000e\000r\000e\000n\000c\000i\000a\000s\000\040\000d\000e\000s\000d\000e\000\040\000l\000a\000\040\000c\000o\000c\000i\000n\000a\000,\000\040\000a\000l\000g\000u\000n\000a\000s\000\040\000i\000d\000e\000a\000s\000\040\000p\000r\000\341\000c\000t\000i\000c\000a\000s}{}% 93
\BOOKMARK [1][-]{section.9.1}{\376\377\000L\000a\000\040\000i\000m\000p\000o\000r\000t\000a\000n\000c\000i\000a\000\040\000d\000e\000\040\000r\000e\000f\000a\000c\000t\000o\000r\000i\000z\000a\000r}{chapter.9}% 94
\BOOKMARK [2][-]{subsection.9.1.1}{\376\377\000r\000a\000t\000i\000o\000n\000a\000l\000e\000\040\000t\000r\000a\000s\000\040\000l\000a\000\040\000r\000e\000f\000a\000c\000t\000o\000r\000i\000z\000a\000c\000i\000\363\000n}{section.9.1}% 95
\BOOKMARK [2][-]{subsection.9.1.2}{\376\377\000d\000i\000s\000p\000o\000n\000e\000r\000\040\000d\000e\000\040\000u\000n\000a\000\040\000r\000e\000d\000\040\000d\000e\000\040\000s\000e\000g\000u\000r\000i\000d\000a\000d\000,\000\040\000f\000a\000c\000i\000l\000i\000t\000a\000\040\000l\000a\000\040\000r\000e\000f\000a\000c\000t\000o\000r\000i\000z\000a\000c\000i\000\363\000n}{section.9.1}% 96
\BOOKMARK [1][-]{section.9.2}{\376\377\000L\000a\000\040\000i\000m\000p\000o\000r\000t\000a\000n\000c\000i\000a\000\040\000d\000e\000\040\000l\000o\000s\000\040\000t\000e\000s\000t\000s\000\040\000i\000n\000t\000e\000r\000n\000o\000s}{chapter.9}% 97
\BOOKMARK [1][-]{section.9.3}{\376\377\000L\000a\000\040\000f\000o\000r\000m\000a\000\040\000n\000a\000t\000u\000r\000a\000l\000\040\000d\000e\000\040\000c\000o\000n\000s\000t\000r\000u\000i\000r\000\040\000s\000o\000f\000t\000w\000a\000r\000e\000\040\000e\000s\000\040\000c\000o\000n\000s\000t\000r\000u\000i\000r\000l\000o\000\040\000d\000e\000\040\000f\000o\000r\000m\000a\000\040\000i\000t\000e\000r\000a\000t\000i\000v\000a}{chapter.9}% 98
\BOOKMARK [1][-]{section.9.4}{\376\377\000C\000u\000a\000n\000d\000o\000\040\000u\000t\000i\000l\000i\000c\000e\000s\000\040\000u\000n\000\040\000e\000s\000t\000a\000n\000d\000a\000r\000\040\000o\000\040\000p\000a\000r\000a\000d\000i\000g\000m\000a\000\040\000c\000o\000n\000o\000c\000i\000d\000o\040\046}{chapter.9}% 99
\BOOKMARK [1][-]{section.9.5}{\376\377\000R\000e\000a\000l\000i\000z\000a\000r\000\040\000`\000`\000H\000e\000l\000l\000o\000,\000\040\000w\000o\000r\000l\000d\000'\000'\000s\000\040\000p\000a\000r\000a\000\040\000a\000p\000r\000e\000n\000d\000e\000r}{chapter.9}% 100
\BOOKMARK [1][-]{section.9.6}{\376\377\000N\000\372\000m\000e\000r\000o\000s\000,\000\040\000F\000e\000c\000h\000a\000s\000\040\000y\000\040\000o\000t\000r\000a\000s\000\040\000h\000i\000e\000r\000b\000a\000s\000\040\000s\000i\000m\000i\000l\000a\000r\000e\000s\000:\000\040\000c\000a\000d\000a\000\040\000c\000u\000a\000l\000\040\000l\000a\000s\000\040\000e\000s\000c\000r\000i\000b\000e\000\040\000d\000i\000f\000e\000r\000e\000n\000t\000e}{chapter.9}% 101
\BOOKMARK [1][-]{section.9.7}{\376\377\000M\000a\000g\000n\000i\000t\000u\000d\000e\000s\000:\000\040\000n\000\372\000m\000e\000r\000o\000s\000\040\000c\000o\000n\000\040\000u\000n\000i\000d\000a\000d\000\040\000d\000e\000\040\000m\000e\000d\000i\000d\000a}{chapter.9}% 102
\BOOKMARK [1][-]{section.9.8}{\376\377\000C\000\363\000d\000i\000g\000o\000s\000:\000\040\000i\000d\000e\000n\000t\000i\000f\000i\000c\000a\000r\000\040\000e\000l\000e\000m\000e\000n\000t\000o\000s}{chapter.9}% 103
\BOOKMARK [2][-]{subsection.9.8.1}{\376\377\000U\000n\000a\000\040\000n\000o\000t\000a\000\040\000h\000i\000s\000t\000\363\000r\000i\000c\000a\000:}{section.9.8}% 104
\BOOKMARK [2][-]{subsection.9.8.2}{\376\377\000A\000l\000g\000u\000n\000o\000s\000\040\000c\000o\000n\000s\000e\000j\000o\000s\000:}{section.9.8}% 105
\BOOKMARK [2][-]{subsection.9.8.3}{\376\377\000A\000\040\000t\000e\000n\000e\000r\000\040\000e\000n\000\040\000c\000u\000e\000n\000t\000a\000\040\000c\000u\000a\000n\000d\000o\000\040\000h\000a\000y\000a\000\040\000v\000a\000r\000i\000a\000s\000\040\000p\000a\000r\000t\000e\000s\000\040\000q\000u\000e\000\040\000a\000s\000i\000g\000n\000a\000n\000\040\000c\000o\000d\000i\000g\000o\000s\000\040\000d\000e\000\040\000f\000o\000r\000m\000a\000\040\000d\000i\000s\000t\000r\000i\000b\000u\000i\000d\000a}{section.9.8}% 106
\BOOKMARK [2][-]{subsection.9.8.4}{\376\377\000A\000l\000g\000u\000n\000a\000s\000\040\000r\000e\000f\000l\000e\000x\000i\000o\000n\000e\000s\000\040\000a\000c\000e\000r\000c\000a\000\040\000d\000e\000\040\000l\000a\000\040\000c\000a\000n\000t\000i\000d\000a\000d\000\040\000d\000e\000\040\000c\000\363\000d\000i\000g\000o\000s\000\040\000p\000o\000s\000i\000b\000l\000e\000s\000:}{section.9.8}% 107
\BOOKMARK [2][-]{subsection.9.8.5}{\376\377\000E\000l\000\040\000u\000s\000o\000\040\000d\000e\000\040\000U\000U\000I\000D\000s\000\040\000c\000o\000m\000o\000\040\000i\000d\000e\000n\000t\000i\000f\000i\000c\000a\000d\000o\000r\000e\000s\000\040\000i\000n\000t\000e\000r\000n\000o\000s\000\040\000d\000e\000\040\000e\000l\000e\000m\000e\000n\000t\000o\000s}{section.9.8}% 108
\BOOKMARK [1][-]{section.9.9}{\376\377\000U\000n\000\040\000t\000r\000u\000c\000o\000\040\000m\000u\000y\000\040\000\372\000t\000i\000l\000:\000\040\000i\000d\000e\000n\000t\000i\000f\000i\000c\000a\000d\000o\000r\000e\000s\000\040\000i\000n\000t\000e\000r\000n\000o\000s\000\040\000s\000o\000l\000o\000\040\000p\000a\000r\000a\000\040\000u\000s\000o\000\040\000i\000n\000t\000e\000r\000n\000o\000\040\000e\000\040\000i\000d\000e\000n\000t\000i\000f\000i\000c\000a\000d\000o\000r\000e\000s\000\040\000e\000x\000t\000e\000r\000n\000o\000s\000\040\000s\000o\000l\000o\000\040\000p\000a\000r\000a\000\040\000u\000s\000o\000\040\000e\000x\000t\000e\000r\000n\000o}{chapter.9}% 109
\BOOKMARK [1][-]{section.9.10}{\376\377\000U\000n\000\040\000t\000r\000u\000c\000o\000\040\000m\000u\000y\000\040\000\372\000t\000i\000l\000:\000\040\000i\000n\000a\000c\000t\000i\000v\000a\000r\000\040\000e\000l\000e\000m\000e\000n\000t\000o\000s\000\040\000e\000n\000\040\000v\000e\000z\000\040\000d\000e\000\040\000b\000o\000r\000r\000a\000r\000l\000o\000s}{chapter.9}% 110
\BOOKMARK [1][-]{section.9.11}{\376\377\000U\000n\000a\000\040\000f\000o\000r\000m\000a\000\040\000d\000e\000\040\000r\000e\000c\000o\000g\000e\000r\000\040\000e\000s\000p\000e\000c\000i\000f\000i\000c\000a\000c\000i\000o\000n\000e\000s\000:\000\040\000B\000D\000D\000\040\000\050\000B\000e\000h\000a\000v\000i\000o\000r\000\040\000D\000r\000i\000v\000e\000n\000\040\000D\000e\000v\000e\000l\000o\000p\000m\000e\000n\000t\000\051}{chapter.9}% 111
\BOOKMARK [1][-]{section.9.12}{\376\377\000U\000n\000a\000\040\000r\000e\000f\000l\000e\000x\000i\000\363\000n\000\040\000a\000c\000e\000r\000c\000a\000\040\000d\000e\000\040\000l\000a\000s\000\040\000v\000e\000n\000t\000a\000j\000a\000s\000\040\000d\000e\000\040\000m\000a\000n\000e\000j\000a\000r\000\040\000d\000a\000t\000o\000s\000\040\000i\000n\000m\000u\000t\000a\000b\000l\000e\000s}{chapter.9}% 112
\BOOKMARK [1][-]{section.9.13}{\376\377\000U\000n\000a\000\040\000r\000e\000f\000l\000e\000x\000i\000\363\000n\000\040\000p\000e\000r\000s\000o\000n\000a\000l\000\040\000a\000c\000e\000r\000c\000a\000\040\000d\000e\000\040\000p\000o\000n\000e\000r\000\040\000c\000o\000n\000t\000r\000o\000l\000e\000s\000\040\000e\000n\000\040\000e\000l\000\040\000p\000r\000o\000g\000r\000a\000m\000a\000\040\000p\000a\000r\000a\000\040\000e\000v\000i\000t\000a\000r\000\040\000`\000`\000e\000r\000r\000o\000r\000e\000s\000\040\000d\000e\000\040\000u\000s\000u\000a\000r\000i\000o\000'\000'}{chapter.9}% 113
\BOOKMARK [0][-]{chapter.10}{\376\377\000a\000p\000\351\000n\000d\000i\000c\000e\000:\000\040\000a\000l\000g\000o\000\040\000d\000e\000\040\000b\000i\000b\000l\000i\000o\000g\000r\000a\000f\000i\000a}{}% 114
\BOOKMARK [1][-]{section.10.1}{\376\377\000n\000o\000t\000a\000s\000\040\000h\000i\000s\000t\000\363\000r\000i\000c\000a\000s\000:\000\040\000p\000a\000r\000a\000\040\000s\000i\000t\000u\000a\000r\000n\000o\000s\000\040\000e\000n\000\040\000l\000o\000s\000\040\000d\000i\000s\000t\000i\000n\000t\000o\000s\000\040\000m\000a\000r\000c\000o\000s\000\040\000t\000e\000m\000p\000o\000r\000a\000l\000e\000s}{chapter.10}% 115
\BOOKMARK [1][-]{section.10.2}{\376\377\000M\000i\000s\000\040\000l\000i\000b\000r\000o\000s\000\040\000f\000a\000v\000o\000r\000i\000t\000o\000s}{chapter.10}% 116
\BOOKMARK [1][-]{section.10.3}{\376\377\000O\000t\000r\000o\000s\000\040\000l\000i\000b\000r\000o\000s\000,\000\040\000d\000o\000c\000u\000m\000e\000n\000t\000o\000s\000,\000\040\000r\000e\000f\000e\000r\000e\000n\000c\000i\000a\000s\000,\040\046}{chapter.10}% 117
