This is pdfTeX, Version 3.14159265-2.6-1.40.21 (MiKTeX 20.6.29) (preloaded format=pdflatex 2020.7.19)  3 DEC 2022 18:19
entering extended mode
**./Proyecto_Software.tex
(Proyecto_Software.tex
LaTeX2e <2020-02-02> patch level 5
L3 programming layer <2020-06-18>
("C:\Program Files\MiKTeX\tex/latex/base\book.cls"
Document Class: book 2019/12/20 v1.4l Standard LaTeX document class
("C:\Program Files\MiKTeX\tex/latex/base\bk12.clo"
File: bk12.clo 2019/12/20 v1.4l Standard LaTeX file (size option)
)
\c@part=\count167
\c@chapter=\count168
\c@section=\count169
\c@subsection=\count170
\c@subsubsection=\count171
\c@paragraph=\count172
\c@subparagraph=\count173
\c@figure=\count174
\c@table=\count175
\abovecaptionskip=\skip47
\belowcaptionskip=\skip48
\bibindent=\dimen134
)
("C:\Program Files\MiKTeX\tex/generic/babel\babel.sty"
Package: babel 2020/06/10 3.45 The Babel package

("C:\Program Files\MiKTeX\tex/generic/babel\babel.def"
File: babel.def 2020/06/10 3.45 Babel common definitions
\babel@savecnt=\count176
\U@D=\dimen135
\l@babelnohyphens=\language79

("C:\Program Files\MiKTeX\tex/generic/babel\txtbabel.def")
\bbl@readstream=\read2
)
\bbl@dirlevel=\count177

*************************************
* Local config file bblopts.cfg used
*
("C:\Program Files\MiKTeX\tex/latex/arabi\bblopts.cfg"
File: bblopts.cfg 2005/09/08 v0.1 add Arabic and Farsi to "declared" options of
 babel
)
(C:\Users\Juan\AppData\Roaming\MiKTeX\tex/latex/babel-spanish\spanish.ldf
Language: spanish.ldf 2016/03/03 v5.0p Spanish support from the babel system
\es@quottoks=\toks15
\es@quotdepth=\count178
Package babel Info: Making " an active character on input line 561.
Package babel Info: Making . an active character on input line 662.
Package babel Info: Making < an active character on input line 707.
Package babel Info: Making > an active character on input line 707.
))
("C:\Program Files\MiKTeX\tex/latex/base\inputenc.sty"
Package: inputenc 2018/08/11 v1.3c Input encoding file
\inpenc@prehook=\toks16
\inpenc@posthook=\toks17
)
(C:\Users\Juan\AppData\Roaming\MiKTeX\tex/latex/footmisc\footmisc.sty
Package: footmisc 2011/06/06 v5.5b a miscellany of footnote facilities
\FN@temptoken=\toks18
\footnotemargin=\dimen136
\c@pp@next@reset=\count179
Package footmisc Info: Declaring symbol style bringhurst on input line 855.
Package footmisc Info: Declaring symbol style chicago on input line 863.
Package footmisc Info: Declaring symbol style wiley on input line 872.
Package footmisc Info: Declaring symbol style lamport-robust on input line 883.

Package footmisc Info: Declaring symbol style lamport* on input line 903.
Package footmisc Info: Declaring symbol style lamport*-robust on input line 924
.
)
(C:\Users\Juan\AppData\Roaming\MiKTeX\tex/latex/geometry\geometry.sty
Package: geometry 2020/01/02 v5.9 Page Geometry

("C:\Program Files\MiKTeX\tex/latex/graphics\keyval.sty"
Package: keyval 2014/10/28 v1.15 key=value parser (DPC)
\KV@toks@=\toks19
)
("C:\Program Files\MiKTeX\tex/generic/iftex\ifvtex.sty"
Package: ifvtex 2019/10/25 v1.7 ifvtex legacy package. Use iftex instead.

("C:\Program Files\MiKTeX\tex/generic/iftex\iftex.sty"
Package: iftex 2020/03/06 v1.0d TeX engine tests
))
\Gm@cnth=\count180
\Gm@cntv=\count181
\c@Gm@tempcnt=\count182
\Gm@bindingoffset=\dimen137
\Gm@wd@mp=\dimen138
\Gm@odd@mp=\dimen139
\Gm@even@mp=\dimen140
\Gm@layoutwidth=\dimen141
\Gm@layoutheight=\dimen142
\Gm@layouthoffset=\dimen143
\Gm@layoutvoffset=\dimen144
\Gm@dimlist=\toks20

(C:\Users\Juan\AppData\Roaming\MiKTeX\tex/latex/geometry\geometry.cfg))
(C:\Users\Juan\AppData\Roaming\MiKTeX\tex/latex/enumitem\enumitem.sty
Package: enumitem 2019/06/20 v3.9 Customized lists
\labelindent=\skip49
\enit@outerparindent=\dimen145
\enit@toks=\toks21
\enit@inbox=\box45
\enit@count@id=\count183
\enitdp@description=\count184
)
("C:\Program Files\MiKTeX\tex/latex/tools\longtable.sty"
Package: longtable 2020/01/07 v4.13 Multi-page Table package (DPC)
\LTleft=\skip50
\LTright=\skip51
\LTpre=\skip52
\LTpost=\skip53
\LTchunksize=\count185
\LTcapwidth=\dimen146
\LT@head=\box46
\LT@firsthead=\box47
\LT@foot=\box48
\LT@lastfoot=\box49
\LT@cols=\count186
\LT@rows=\count187
\c@LT@tables=\count188
\c@LT@chunks=\count189
\LT@p@ftn=\toks22
)
("C:\Program Files\MiKTeX\tex/latex/amsmath\amsmath.sty"
Package: amsmath 2020/01/20 v2.17e AMS math features
\@mathmargin=\skip54

For additional information on amsmath, use the `?' option.
("C:\Program Files\MiKTeX\tex/latex/amsmath\amstext.sty"
Package: amstext 2000/06/29 v2.01 AMS text

("C:\Program Files\MiKTeX\tex/latex/amsmath\amsgen.sty"
File: amsgen.sty 1999/11/30 v2.0 generic functions
\@emptytoks=\toks23
\ex@=\dimen147
))
("C:\Program Files\MiKTeX\tex/latex/amsmath\amsbsy.sty"
Package: amsbsy 1999/11/29 v1.2d Bold Symbols
\pmbraise@=\dimen148
)
("C:\Program Files\MiKTeX\tex/latex/amsmath\amsopn.sty"
Package: amsopn 2016/03/08 v2.02 operator names
)
\inf@bad=\count190
LaTeX Info: Redefining \frac on input line 227.
\uproot@=\count191
\leftroot@=\count192
LaTeX Info: Redefining \overline on input line 389.
\classnum@=\count193
\DOTSCASE@=\count194
LaTeX Info: Redefining \ldots on input line 486.
LaTeX Info: Redefining \dots on input line 489.
LaTeX Info: Redefining \cdots on input line 610.
\Mathstrutbox@=\box50
\strutbox@=\box51
\big@size=\dimen149
LaTeX Font Info:    Redeclaring font encoding OML on input line 733.
LaTeX Font Info:    Redeclaring font encoding OMS on input line 734.
\macc@depth=\count195
\c@MaxMatrixCols=\count196
\dotsspace@=\muskip16
\c@parentequation=\count197
\dspbrk@lvl=\count198
\tag@help=\toks24
\row@=\count199
\column@=\count266
\maxfields@=\count267
\andhelp@=\toks25
\eqnshift@=\dimen150
\alignsep@=\dimen151
\tagshift@=\dimen152
\tagwidth@=\dimen153
\totwidth@=\dimen154
\lineht@=\dimen155
\@envbody=\toks26
\multlinegap=\skip55
\multlinetaggap=\skip56
\mathdisplay@stack=\toks27
LaTeX Info: Redefining \[ on input line 2859.
LaTeX Info: Redefining \] on input line 2860.
)
("C:\Program Files\MiKTeX\tex/latex/amsfonts\amsfonts.sty"
Package: amsfonts 2013/01/14 v3.01 Basic AMSFonts support
\symAMSa=\mathgroup4
\symAMSb=\mathgroup5
LaTeX Font Info:    Redeclaring math symbol \hbar on input line 98.
LaTeX Font Info:    Overwriting math alphabet `\mathfrak' in version `bold'
(Font)                  U/euf/m/n --> U/euf/b/n on input line 106.
)
("C:\Program Files\MiKTeX\tex/latex/amsfonts\amssymb.sty"
Package: amssymb 2013/01/14 v3.01 AMS font symbols
)
("C:\Program Files\MiKTeX\tex/latex/graphics\graphicx.sty"
Package: graphicx 2019/11/30 v1.2a Enhanced LaTeX Graphics (DPC,SPQR)

("C:\Program Files\MiKTeX\tex/latex/graphics\graphics.sty"
Package: graphics 2019/11/30 v1.4a Standard LaTeX Graphics (DPC,SPQR)

("C:\Program Files\MiKTeX\tex/latex/graphics\trig.sty"
Package: trig 2016/01/03 v1.10 sin cos tan (DPC)
)
("C:\Program Files\MiKTeX\tex/latex/graphics-cfg\graphics.cfg"
File: graphics.cfg 2016/06/04 v1.11 sample graphics configuration
)
Package graphics Info: Driver file: pdftex.def on input line 105.

("C:\Program Files\MiKTeX\tex/latex/graphics-def\pdftex.def"
File: pdftex.def 2018/01/08 v1.0l Graphics/color driver for pdftex
))
\Gin@req@height=\dimen156
\Gin@req@width=\dimen157
)
("C:\Program Files\MiKTeX\tex/latex/listings\listings.sty"
\lst@mode=\count268
\lst@gtempboxa=\box52
\lst@token=\toks28
\lst@length=\count269
\lst@currlwidth=\dimen158
\lst@column=\count270
\lst@pos=\count271
\lst@lostspace=\dimen159
\lst@width=\dimen160
\lst@newlines=\count272
\lst@lineno=\count273
\lst@maxwidth=\dimen161

("C:\Program Files\MiKTeX\tex/latex/listings\lstmisc.sty"
File: lstmisc.sty 2020/03/24 1.8d (Carsten Heinz)
\c@lstnumber=\count274
\lst@skipnumbers=\count275
\lst@framebox=\box53
)
("C:\Program Files\MiKTeX\tex/latex/listings\listings.cfg"
File: listings.cfg 2020/03/24 1.8d listings configuration
))
Package: listings 2020/03/24 1.8d (Carsten Heinz)

(C:\Users\Juan\AppData\Roaming\MiKTeX\tex/latex/psnfss\courier.sty
Package: courier 2020/03/25 PSNFSS-v9.3 (WaS) 
)
("C:\Program Files\MiKTeX\tex/latex/xcolor\xcolor.sty"
Package: xcolor 2016/05/11 v2.12 LaTeX color extensions (UK)

("C:\Program Files\MiKTeX\tex/latex/graphics-cfg\color.cfg"
File: color.cfg 2016/01/02 v1.6 sample color configuration
)
Package xcolor Info: Driver file: pdftex.def on input line 225.
Package xcolor Info: Model `cmy' substituted by `cmy0' on input line 1348.
Package xcolor Info: Model `hsb' substituted by `rgb' on input line 1352.
Package xcolor Info: Model `RGB' extended on input line 1364.
Package xcolor Info: Model `HTML' substituted by `rgb' on input line 1366.
Package xcolor Info: Model `Hsb' substituted by `hsb' on input line 1367.
Package xcolor Info: Model `tHsb' substituted by `hsb' on input line 1368.
Package xcolor Info: Model `HSB' substituted by `hsb' on input line 1369.
Package xcolor Info: Model `Gray' substituted by `gray' on input line 1370.
Package xcolor Info: Model `wave' substituted by `hsb' on input line 1371.
)
("C:\Program Files\MiKTeX\tex/latex/listings\lstlang1.sty"
File: lstlang1.sty 2020/03/24 1.8d listings language file
)
("C:\Program Files\MiKTeX\tex/latex/listings\lstmisc.sty"
File: lstmisc.sty 2020/03/24 1.8d (Carsten Heinz)
)
(C:\Users\Juan\AppData\Roaming\MiKTeX\tex/latex/caption\caption.sty
Package: caption 2020/05/30 v3.4k Customizing captions (AR)

(C:\Users\Juan\AppData\Roaming\MiKTeX\tex/latex/caption\caption3.sty
Package: caption3 2020/05/30 v1.12 caption3 kernel (AR)
Package caption3 Info: TeX engine: e-TeX on input line 61.
\captionmargin=\dimen162
\captionmargin@=\dimen163
\captionwidth=\dimen164
\caption@tempdima=\dimen165
\caption@indent=\dimen166
\caption@parindent=\dimen167
\caption@hangindent=\dimen168
Package caption Info: Standard document class detected.
)
\c@caption@flags=\count276
\c@continuedfloat=\count277
Package caption Info: listings package is loaded.
Package caption Info: longtable package is loaded.

(C:\Users\Juan\AppData\Roaming\MiKTeX\tex/latex/caption\ltcaption.sty
Package: ltcaption 2020/05/30 v1.4b longtable captions (AR)
))
("C:\Program Files\MiKTeX\tex/latex/hyperref\hyperref.sty"
Package: hyperref 2020-05-15 v7.00e Hypertext links for LaTeX

(C:\Users\Juan\AppData\Roaming\MiKTeX\tex/generic/ltxcmds\ltxcmds.sty
Package: ltxcmds 2019/12/15 v1.24 LaTeX kernel commands for general use (HO)
)
("C:\Program Files\MiKTeX\tex/generic/pdftexcmds\pdftexcmds.sty"
Package: pdftexcmds 2020-06-27 v0.33 Utility functions of pdfTeX for LuaTeX (HO
)

(C:\Users\Juan\AppData\Roaming\MiKTeX\tex/generic/infwarerr\infwarerr.sty
Package: infwarerr 2019/12/03 v1.5 Providing info/warning/error messages (HO)
)
Package pdftexcmds Info: \pdf@primitive is available.
Package pdftexcmds Info: \pdf@ifprimitive is available.
Package pdftexcmds Info: \pdfdraftmode found.
)
(C:\Users\Juan\AppData\Roaming\MiKTeX\tex/generic/kvsetkeys\kvsetkeys.sty
Package: kvsetkeys 2019/12/15 v1.18 Key value parser (HO)
)
(C:\Users\Juan\AppData\Roaming\MiKTeX\tex/generic/kvdefinekeys\kvdefinekeys.sty
Package: kvdefinekeys 2019-12-19 v1.6 Define keys (HO)
) (C:\Users\Juan\AppData\Roaming\MiKTeX\tex/generic/pdfescape\pdfescape.sty
Package: pdfescape 2019/12/09 v1.15 Implements pdfTeX's escape features (HO)
)
(C:\Users\Juan\AppData\Roaming\MiKTeX\tex/latex/hycolor\hycolor.sty
Package: hycolor 2020-01-27 v1.10 Color options for hyperref/bookmark (HO)
)
(C:\Users\Juan\AppData\Roaming\MiKTeX\tex/latex/letltxmacro\letltxmacro.sty
Package: letltxmacro 2019/12/03 v1.6 Let assignment for LaTeX macros (HO)
)
(C:\Users\Juan\AppData\Roaming\MiKTeX\tex/latex/auxhook\auxhook.sty
Package: auxhook 2019-12-17 v1.6 Hooks for auxiliary files (HO)
)
(C:\Users\Juan\AppData\Roaming\MiKTeX\tex/latex/kvoptions\kvoptions.sty
Package: kvoptions 2019/11/29 v3.13 Key value format for package options (HO)
)
\@linkdim=\dimen169
\Hy@linkcounter=\count278
\Hy@pagecounter=\count279

("C:\Program Files\MiKTeX\tex/latex/hyperref\pd1enc.def"
File: pd1enc.def 2020-05-15 v7.00e Hyperref: PDFDocEncoding definition (HO)
Now handling font encoding PD1 ...
... no UTF-8 mapping file for font encoding PD1
)
(C:\Users\Juan\AppData\Roaming\MiKTeX\tex/generic/intcalc\intcalc.sty
Package: intcalc 2019/12/15 v1.3 Expandable calculations with integers (HO)
)
(C:\Users\Juan\AppData\Roaming\MiKTeX\tex/generic/etexcmds\etexcmds.sty
Package: etexcmds 2019/12/15 v1.7 Avoid name clashes with e-TeX commands (HO)
)
\Hy@SavedSpaceFactor=\count280
Package hyperref Info: Option `final' set `true' on input line 4338.
Package hyperref Info: Option `colorlinks' set `true' on input line 4338.
Package hyperref Info: Hyper figures OFF on input line 4464.
Package hyperref Info: Link nesting OFF on input line 4469.
Package hyperref Info: Hyper index ON on input line 4472.
Package hyperref Info: Plain pages OFF on input line 4479.
Package hyperref Info: Backreferencing OFF on input line 4484.
Package hyperref Info: Implicit mode ON; LaTeX internals redefined.
Package hyperref Info: Bookmarks ON on input line 4717.
\c@Hy@tempcnt=\count281

("C:\Program Files\MiKTeX\tex/latex/url\url.sty"
\Urlmuskip=\muskip17
Package: url 2013/09/16  ver 3.4  Verb mode for urls, etc.
)
LaTeX Info: Redefining \url on input line 5076.
\XeTeXLinkMargin=\dimen170

(C:\Users\Juan\AppData\Roaming\MiKTeX\tex/generic/bitset\bitset.sty
Package: bitset 2019/12/09 v1.3 Handle bit-vector datatype (HO)

(C:\Users\Juan\AppData\Roaming\MiKTeX\tex/generic/bigintcalc\bigintcalc.sty
Package: bigintcalc 2019/12/15 v1.5 Expandable calculations on big integers (HO
)
))
\Fld@menulength=\count282
\Field@Width=\dimen171
\Fld@charsize=\dimen172
Package hyperref Info: Hyper figures OFF on input line 6347.
Package hyperref Info: Link nesting OFF on input line 6352.
Package hyperref Info: Hyper index ON on input line 6355.
Package hyperref Info: backreferencing OFF on input line 6362.
Package hyperref Info: Link coloring ON on input line 6365.
Package hyperref Info: Link coloring with OCG OFF on input line 6372.
Package hyperref Info: PDF/A mode OFF on input line 6377.
LaTeX Info: Redefining \ref on input line 6417.
LaTeX Info: Redefining \pageref on input line 6421.

(C:\Users\Juan\AppData\Roaming\MiKTeX\tex/generic/atbegshi\atbegshi.sty
Package: atbegshi 2019/12/05 v1.19 At begin shipout hook (HO)
)
\Hy@abspage=\count283
\c@Item=\count284
\c@Hfootnote=\count285
)
Package hyperref Info: Driver (autodetected): hpdftex.

("C:\Program Files\MiKTeX\tex/latex/hyperref\hpdftex.def"
File: hpdftex.def 2020-05-15 v7.00e Hyperref driver for pdfTeX

(C:\Users\Juan\AppData\Roaming\MiKTeX\tex/latex/atveryend\atveryend.sty
Package: atveryend 2019-12-11 v1.11 Hooks at the very end of document (HO)
Package atveryend Info: \enddocument detected (standard20110627).
)
\Fld@listcount=\count286
\c@bookmark@seq@number=\count287

(C:\Users\Juan\AppData\Roaming\MiKTeX\tex/latex/rerunfilecheck\rerunfilecheck.s
ty
Package: rerunfilecheck 2019/12/05 v1.9 Rerun checks for auxiliary files (HO)

(C:\Users\Juan\AppData\Roaming\MiKTeX\tex/generic/uniquecounter\uniquecounter.s
ty
Package: uniquecounter 2019/12/15 v1.4 Provide unlimited unique counter (HO)
)
Package uniquecounter Info: New unique counter `rerunfilecheck' on input line 2
86.
)
\Hy@SectionHShift=\skip57
)
Package hyperref Info: Option `colorlinks' set `true' on input line 77.
 (C:\Users\Juan\AppData\Roaming\MiKTeX\tex/latex/cleveref\cleveref.sty
Package: cleveref 2018/03/27 v0.21.4 Intelligent cross-referencing
Package cleveref Info: `hyperref' support loaded on input line 2370.
LaTeX Info: Redefining \cref on input line 2370.
LaTeX Info: Redefining \Cref on input line 2370.
LaTeX Info: Redefining \crefrange on input line 2370.
LaTeX Info: Redefining \Crefrange on input line 2370.
LaTeX Info: Redefining \cpageref on input line 2370.
LaTeX Info: Redefining \Cpageref on input line 2370.
LaTeX Info: Redefining \cpagerefrange on input line 2370.
LaTeX Info: Redefining \Cpagerefrange on input line 2370.
LaTeX Info: Redefining \labelcref on input line 2370.
LaTeX Info: Redefining \labelcpageref on input line 2370.
Package cleveref Info: `listings' support loaded on input line 3131.
)
(C:\Users\Juan\AppData\Roaming\MiKTeX\tex/latex/fancyhdr\fancyhdr.sty
Package: fancyhdr 2019/01/31 v3.10 Extensive control of page headers and footer
s
\f@nch@headwidth=\skip58
\f@nch@O@elh=\skip59
\f@nch@O@erh=\skip60
\f@nch@O@olh=\skip61
\f@nch@O@orh=\skip62
\f@nch@O@elf=\skip63
\f@nch@O@erf=\skip64
\f@nch@O@olf=\skip65
\f@nch@O@orf=\skip66
)

Package Fancyhdr Warning: \fancyhead's `E' option without twoside option is use
less on input line 83.


Package Fancyhdr Warning: \fancyhead's `E' option without twoside option is use
less on input line 85.


(C:\Users\Juan\AppData\Roaming\MiKTeX\tex/latex/authoraftertitle\authoraftertit
le.sty
Package: authoraftertitle 2006/10/14 v0.9 package for Author after Titlepage
) ("C:\Program Files\MiKTeX\tex/latex/l3backend\l3backend-pdfmode.def"
File: l3backend-pdfmode.def 2020-06-29 L3 backend support: PDF mode
\l__kernel_color_stack_int=\count288
\l__pdf_internal_box=\box54
)
(Proyecto_Software.aux
LaTeX Info: Redefining \. on input line 25.
LaTeX Info: Redefining \% on input line 25.
)
\openout1 = `Proyecto_Software.aux'.

LaTeX Font Info:    Checking defaults for OML/cmm/m/it on input line 93.
LaTeX Font Info:    ... okay on input line 93.
LaTeX Font Info:    Checking defaults for OMS/cmsy/m/n on input line 93.
LaTeX Font Info:    ... okay on input line 93.
LaTeX Font Info:    Checking defaults for OT1/cmr/m/n on input line 93.
LaTeX Font Info:    ... okay on input line 93.
LaTeX Font Info:    Checking defaults for T1/cmr/m/n on input line 93.
LaTeX Font Info:    ... okay on input line 93.
LaTeX Font Info:    Checking defaults for TS1/cmr/m/n on input line 93.
LaTeX Font Info:    ... okay on input line 93.
LaTeX Font Info:    Checking defaults for OMX/cmex/m/n on input line 93.
LaTeX Font Info:    ... okay on input line 93.
LaTeX Font Info:    Checking defaults for U/cmr/m/n on input line 93.
LaTeX Font Info:    ... okay on input line 93.
LaTeX Font Info:    Checking defaults for PD1/pdf/m/n on input line 93.
LaTeX Font Info:    ... okay on input line 93.
LaTeX Info: Redefining \. on input line 93.
LaTeX Info: Redefining \% on input line 93.

*geometry* driver: auto-detecting
*geometry* detected driver: pdftex
*geometry* verbose mode - [ preamble ] result:
* driver: pdftex
* paper: a4paper
* layout: <same size as paper>
* layoutoffset:(h,v)=(0.0pt,0.0pt)
* modes: 
* h-part:(L,W,R)=(85.35826pt, 426.79134pt, 85.35828pt)
* v-part:(T,H,B)=(76.25339pt, 654.41338pt, 114.38008pt)
* \paperwidth=597.50787pt
* \paperheight=845.04684pt
* \textwidth=426.79134pt
* \textheight=654.41338pt
* \oddsidemargin=13.08827pt
* \evensidemargin=13.08827pt
* \topmargin=-27.8904pt
* \headheight=12.0pt
* \headsep=19.8738pt
* \topskip=12.0pt
* \footskip=30.0pt
* \marginparwidth=38.0pt
* \marginparsep=7.0pt
* \columnsep=10.0pt
* \skip\footins=34.8pt plus 9.0pt minus 2.0pt
* \hoffset=0.0pt
* \voffset=0.0pt
* \mag=1000
* \@twocolumnfalse
* \@twosidefalse
* \@mparswitchfalse
* \@reversemarginfalse
* (1in=72.27pt=25.4mm, 1cm=28.453pt)

("C:\Program Files\MiKTeX\tex/context/base/mkii\supp-pdf.mkii"
[Loading MPS to PDF converter (version 2006.09.02).]
\scratchcounter=\count289
\scratchdimen=\dimen173
\scratchbox=\box55
\nofMPsegments=\count290
\nofMParguments=\count291
\everyMPshowfont=\toks29
\MPscratchCnt=\count292
\MPscratchDim=\dimen174
\MPnumerator=\count293
\makeMPintoPDFobject=\count294
\everyMPtoPDFconversion=\toks30
) ("C:\Program Files\MiKTeX\tex/latex/epstopdf-pkg\epstopdf-base.sty"
Package: epstopdf-base 2020-01-24 v2.11 Base part for package epstopdf
Package epstopdf-base Info: Redefining graphics rule for `.eps' on input line 4
85.
)
\c@lstlisting=\count295
Package caption Info: Begin \AtBeginDocument code.
Package caption Info: hyperref package is loaded.
Package caption Info: End \AtBeginDocument code.
\AtBeginShipoutBox=\box56
Package hyperref Info: Link coloring ON on input line 93.

("C:\Program Files\MiKTeX\tex/latex/hyperref\nameref.sty"
Package: nameref 2019/09/16 v2.46 Cross-referencing by name of section

(C:\Users\Juan\AppData\Roaming\MiKTeX\tex/latex/refcount\refcount.sty
Package: refcount 2019/12/15 v3.6 Data extraction from label references (HO)
)
(C:\Users\Juan\AppData\Roaming\MiKTeX\tex/generic/gettitlestring\gettitlestring
.sty
Package: gettitlestring 2019/12/15 v1.6 Cleanup title references (HO)
)
\c@section@level=\count296
)
LaTeX Info: Redefining \ref on input line 93.
LaTeX Info: Redefining \pageref on input line 93.
LaTeX Info: Redefining \nameref on input line 93.
 (Proyecto_Software.out) (Proyecto_Software.out)
\@outlinefile=\write3
\openout3 = `Proyecto_Software.out'.

LaTeX Font Info:    Trying to load font information for OT1+pcr on input line 1
27.

(C:\Users\Juan\AppData\Roaming\MiKTeX\tex/latex/psnfss\ot1pcr.fd
File: ot1pcr.fd 2001/06/04 font definitions for OT1/pcr.
)
LaTeX Font Info:    Trying to load font information for U+msa on input line 127
.

("C:\Program Files\MiKTeX\tex/latex/amsfonts\umsa.fd"
File: umsa.fd 2013/01/14 v3.01 AMS symbols A
)
LaTeX Font Info:    Trying to load font information for U+msb on input line 127
.

("C:\Program Files\MiKTeX\tex/latex/amsfonts\umsb.fd"
File: umsb.fd 2013/01/14 v3.01 AMS symbols B
)
<./imagenes/CreativeCommons-Attribution-ShareAlike-logo.png, id=457, 167.12437p
t x 60.97781pt>
File: ./imagenes/CreativeCommons-Attribution-ShareAlike-logo.png Graphic file (
type png)
<use ./imagenes/CreativeCommons-Attribution-ShareAlike-logo.png>
Package pdftex.def Info: ./imagenes/CreativeCommons-Attribution-ShareAlike-logo
.png  used on input line 130.
(pdftex.def)             Requested size: 50.13768pt x 18.29347pt.
 [1


{C:/Users/Juan/AppData/Local/MiKTeX/pdftex/config/pdftex.map} <./imagenes/Creat
iveCommons-Attribution-ShareAlike-logo.png>] (Proyecto_Software.toc
LaTeX Info: Redefining \. on input line 1.
LaTeX Info: Redefining \% on input line 1.
Package cleveref Info: loaded `spanish' language definitions on input line 1.
pdfTeX warning (ext4): destination with the same identifier (name{page.1}) has 
been already used, duplicate ignored
<to be read again> 
                   \relax 
l.24 ...lenguajes de programación}{30}{chapter.3}
                                                  % [1

]
LaTeX Info: Redefining \. on input line 55.
LaTeX Info: Redefining \% on input line 55.
Package cleveref Info: loaded `spanish' language definitions on input line 55.


Package Fancyhdr Warning: \headheight is too small (12.0pt): 
Make it at least 14.4521pt.
We now make it that large for the rest of the document.
This may cause the page layout to be inconsistent, however.

[2]
LaTeX Info: Redefining \. on input line 84.
LaTeX Info: Redefining \% on input line 84.
Package cleveref Info: loaded `spanish' language definitions on input line 84.
 [3]
LaTeX Info: Redefining \. on input line 111.
LaTeX Info: Redefining \% on input line 111.
Package cleveref Info: loaded `spanish' language definitions on input line 111.

 [4])
\tf@toc=\write4
\openout4 = `Proyecto_Software.toc'.

LaTeX Info: Redefining \. on input line 140.
LaTeX Info: Redefining \% on input line 140.
Package cleveref Info: loaded `spanish' language definitions on input line 140.

 [5]
Cap\'{\i }tulo 1.
[6

]
Overfull \hbox (12.90848pt too wide) in paragraph at lines 168--172
[][]$\OT1/pcr/m/n/12 https : / / docs . microsoft . com / es-[]es / visualstudi
o / msbuild / msbuild$[][] 
 []

LaTeX Info: Redefining \. on input line 181.
LaTeX Info: Redefining \% on input line 181.
Package cleveref Info: loaded `spanish' language definitions on input line 181.

[7]
LaTeX Info: Redefining \. on input line 200.
LaTeX Info: Redefining \% on input line 200.
Package cleveref Info: loaded `spanish' language definitions on input line 200.

 [8]
Overfull \hbox (14.63324pt too wide) in paragraph at lines 225--226
[][] 
 []

LaTeX Info: Redefining \. on input line 241.
LaTeX Info: Redefining \% on input line 241.
Package cleveref Info: loaded `spanish' language definitions on input line 241.

[9]

Package hyperref Warning: Token not allowed in a PDF string (PDFDocEncoding):
(hyperref)                removing `\\' on input line 246.

LaTeX Info: Redefining \. on input line 259.
LaTeX Info: Redefining \% on input line 259.
Package cleveref Info: loaded `spanish' language definitions on input line 259.

[10]
LaTeX Info: Redefining \. on input line 291.
LaTeX Info: Redefining \% on input line 291.
Package cleveref Info: loaded `spanish' language definitions on input line 291.

 [11]
<./imagenes/diversas ramas en un gestor de versiones.png, id=648, 3682.93588pt 
x 2673.99pt>
File: ./imagenes/diversas ramas en un gestor de versiones.png Graphic file (typ
e png)
<use ./imagenes/diversas ramas en un gestor de versiones.png>
Package pdftex.def Info: ./imagenes/diversas ramas en un gestor de versiones.pn
g  used on input line 295.
(pdftex.def)             Requested size: 426.79134pt x 309.84848pt.
LaTeX Info: Redefining \. on input line 301.
LaTeX Info: Redefining \% on input line 301.
Package cleveref Info: loaded `spanish' language definitions on input line 301.

 [12 <./imagenes/diversas ramas en un gestor de versiones.png>]
Overfull \hbox (44.06595pt too wide) in paragraph at lines 309--314
[]\OT1/cmr/m/n/12 Como co-men-ta-ba Do-nald Knuth en su artcu-lo[][][][][] []
[][][][] [][]$\OT1/pcr/m/n/12 http : / / www . literateprogramming .
 []

LaTeX Info: Redefining \. on input line 323.
LaTeX Info: Redefining \% on input line 323.
Package cleveref Info: loaded `spanish' language definitions on input line 323.

[13]
Overfull \hbox (86.98315pt too wide) in paragraph at lines 324--328
[][]$\OT1/pcr/m/n/12 https : / / cacm . acm . org / magazines / 2011 / 11 / 138
203-[]ocaml-[]for-[]the-[]masses /
 []


Overfull \hbox (78.28316pt too wide) in paragraph at lines 329--332
[][]$\OT1/pcr/m/n/12 https : / / www . electronicdesign . com / technologies / 
embedded-[]revolution /
 []


Overfull \hbox (210.8831pt too wide) in paragraph at lines 329--332
\OT1/pcr/m/n/12 article / 21795884 / contractdriven-[]programming-[]takes-[]spe
cification-[]beyond-[]the-[]stone-[]age$[][] 
 []

LaTeX Info: Redefining \. on input line 345.
LaTeX Info: Redefining \% on input line 345.
Package cleveref Info: loaded `spanish' language definitions on input line 345.

[14]

Package hyperref Warning: Token not allowed in a PDF string (PDFDocEncoding):
(hyperref)                removing `\\' on input line 362.

LaTeX Info: Redefining \. on input line 372.
LaTeX Info: Redefining \% on input line 372.
Package cleveref Info: loaded `spanish' language definitions on input line 372.

[15]
LaTeX Info: Redefining \. on input line 406.
LaTeX Info: Redefining \% on input line 406.
Package cleveref Info: loaded `spanish' language definitions on input line 406.

 [16]
LaTeX Info: Redefining \. on input line 444.
LaTeX Info: Redefining \% on input line 444.
Package cleveref Info: loaded `spanish' language definitions on input line 444.

 [17]
LaTeX Info: Redefining \. on input line 453.
LaTeX Info: Redefining \% on input line 453.
Package cleveref Info: loaded `spanish' language definitions on input line 453.

 [18]
Cap\'{\i }tulo 2.
[19

]
<./imagenes/Esquema_general_de_una_metodologia_agil.png, id=707, 1672.2475pt x 
790.955pt>
File: ./imagenes/Esquema_general_de_una_metodologia_agil.png Graphic file (type
 png)
<use ./imagenes/Esquema_general_de_una_metodologia_agil.png>
Package pdftex.def Info: ./imagenes/Esquema_general_de_una_metodologia_agil.png
  used on input line 483.
(pdftex.def)             Requested size: 426.79134pt x 201.86586pt.
LaTeX Info: Redefining \. on input line 496.
LaTeX Info: Redefining \% on input line 496.
Package cleveref Info: loaded `spanish' language definitions on input line 496.

 [20 <./imagenes/Esquema_general_de_una_metodologia_agil.png>]
LaTeX Info: Redefining \. on input line 517.
LaTeX Info: Redefining \% on input line 517.
Package cleveref Info: loaded `spanish' language definitions on input line 517.

 [21]
LaTeX Info: Redefining \. on input line 543.
LaTeX Info: Redefining \% on input line 543.
Package cleveref Info: loaded `spanish' language definitions on input line 543.


[22]
LaTeX Info: Redefining \. on input line 563.
LaTeX Info: Redefining \% on input line 563.
Package cleveref Info: loaded `spanish' language definitions on input line 563.

 [23]
<./imagenes/product backlog vs. sprint backlog.png, id=726, 546.54187pt x 286.0
6876pt>
File: ./imagenes/product backlog vs. sprint backlog.png Graphic file (type png)

<use ./imagenes/product backlog vs. sprint backlog.png>
Package pdftex.def Info: ./imagenes/product backlog vs. sprint backlog.png  use
d on input line 571.
(pdftex.def)             Requested size: 426.79134pt x 223.39026pt.
<./imagenes/tablon con una lista priorizada en cabeza.jpg, id=727, 1504.8722pt 
x 1129.21875pt>
File: ./imagenes/tablon con una lista priorizada en cabeza.jpg Graphic file (ty
pe jpg)
<use ./imagenes/tablon con una lista priorizada en cabeza.jpg>
Package pdftex.def Info: ./imagenes/tablon con una lista priorizada en cabeza.j
pg  used on input line 579.
(pdftex.def)             Requested size: 426.79134pt x 320.24548pt.
LaTeX Info: Redefining \. on input line 581.
LaTeX Info: Redefining \% on input line 581.
Package cleveref Info: loaded `spanish' language definitions on input line 581.

 [24 <./imagenes/product backlog vs. sprint backlog.png>]
LaTeX Info: Redefining \. on input line 596.
LaTeX Info: Redefining \% on input line 596.
Package cleveref Info: loaded `spanish' language definitions on input line 596.

 [25 <./imagenes/tablon con una lista priorizada en cabeza.jpg>]
<./imagenes/subordinacion de tareas a la cadena critica.png, id=739, 737.00343p
t x 193.47281pt>
File: ./imagenes/subordinacion de tareas a la cadena critica.png Graphic file (
type png)
<use ./imagenes/subordinacion de tareas a la cadena critica.png>
Package pdftex.def Info: ./imagenes/subordinacion de tareas a la cadena critica
.png  used on input line 609.
(pdftex.def)             Requested size: 426.79134pt x 112.03717pt.

Overfull \hbox (29.3747pt too wide) in paragraph at lines 607--611
[]
 []

LaTeX Info: Redefining \. on input line 621.
LaTeX Info: Redefining \% on input line 621.
Package cleveref Info: loaded `spanish' language definitions on input line 621.

[26 <./imagenes/subordinacion de tareas a la cadena critica.png>]
LaTeX Info: Redefining \. on input line 644.
LaTeX Info: Redefining \% on input line 644.
Package cleveref Info: loaded `spanish' language definitions on input line 644.

 [27]
LaTeX Info: Redefining \. on input line 667.
LaTeX Info: Redefining \% on input line 667.
Package cleveref Info: loaded `spanish' language definitions on input line 667.

 [28]
LaTeX Info: Redefining \. on input line 671.
LaTeX Info: Redefining \% on input line 671.
Package cleveref Info: loaded `spanish' language definitions on input line 671.


[29]
Cap\'{\i }tulo 3.
[30

]
LaTeX Font Info:    Trying to load font information for TS1+pcr on input line 7
03.
 (C:\Users\Juan\AppData\Roaming\MiKTeX\tex/latex/psnfss\ts1pcr.fd
File: ts1pcr.fd 2001/06/04 font definitions for TS1/pcr.
)
Overfull \hbox (23.10416pt too wide) in paragraph at lines 728--729
[]\OT1/cmr/m/n/12 SELECCI[]ON CON-DI-CIO-NAL de dis-tin-tos ca-mi-nos de eje-cu
-cion, (IF, SWITCH,...) 
 []

LaTeX Info: Redefining \. on input line 736.
LaTeX Info: Redefining \% on input line 736.
Package cleveref Info: loaded `spanish' language definitions on input line 736.

[31]
LaTeX Info: Redefining \. on input line 794.
LaTeX Info: Redefining \% on input line 794.
Package cleveref Info: loaded `spanish' language definitions on input line 794.

 [32]
<./imagenes/Paradigma de programacion - PROCEDURAL.png, id=840, 1064.97874pt x 
773.89125pt>
File: ./imagenes/Paradigma de programacion - PROCEDURAL.png Graphic file (type 
png)
<use ./imagenes/Paradigma de programacion - PROCEDURAL.png>
Package pdftex.def Info: ./imagenes/Paradigma de programacion - PROCEDURAL.png 
 used on input line 813.
(pdftex.def)             Requested size: 426.79134pt x 310.12964pt.
LaTeX Info: Redefining \. on input line 815.
LaTeX Info: Redefining \% on input line 815.
Package cleveref Info: loaded `spanish' language definitions on input line 815.

 [33]
LaTeX Info: Redefining \. on input line 837.
LaTeX Info: Redefining \% on input line 837.
Package cleveref Info: loaded `spanish' language definitions on input line 837.

 [34 <./imagenes/Paradigma de programacion - PROCEDURAL.png>]
LaTeX Info: Redefining \. on input line 890.
LaTeX Info: Redefining \% on input line 890.
Package cleveref Info: loaded `spanish' language definitions on input line 890.


[35]
<./imagenes/Paradigma de programacion - ORIENTADO A OBJETO.png, id=932, 1090.07
25pt x 800.9925pt>
File: ./imagenes/Paradigma de programacion - ORIENTADO A OBJETO.png Graphic fil
e (type png)
<use ./imagenes/Paradigma de programacion - ORIENTADO A OBJETO.png>
Package pdftex.def Info: ./imagenes/Paradigma de programacion - ORIENTADO A OBJ
ETO.png  used on input line 919.
(pdftex.def)             Requested size: 426.79134pt x 313.60803pt.
LaTeX Info: Redefining \. on input line 923.
LaTeX Info: Redefining \% on input line 923.
Package cleveref Info: loaded `spanish' language definitions on input line 923.

 [36]
LaTeX Info: Redefining \. on input line 947.
LaTeX Info: Redefining \% on input line 947.
Package cleveref Info: loaded `spanish' language definitions on input line 947.

 [37 <./imagenes/Paradigma de programacion - ORIENTADO A OBJETO.png>]
LaTeX Info: Redefining \. on input line 1001.
LaTeX Info: Redefining \% on input line 1001.
Package cleveref Info: loaded `spanish' language definitions on input line 1001
.

[38]
LaTeX Info: Redefining \. on input line 1053.
LaTeX Info: Redefining \% on input line 1053.
Package cleveref Info: loaded `spanish' language definitions on input line 1053
.
 [39]
LaTeX Info: Redefining \. on input line 1106.
LaTeX Info: Redefining \% on input line 1106.
Package cleveref Info: loaded `spanish' language definitions on input line 1106
.
 [40]
LaTeX Info: Redefining \. on input line 1131.
LaTeX Info: Redefining \% on input line 1131.
Package cleveref Info: loaded `spanish' language definitions on input line 1131
.
 [41]
<./imagenes/Paradigma de programacion - FUNCIONAL.png, id=1137, 1075.01625pt x 
733.74126pt>
File: ./imagenes/Paradigma de programacion - FUNCIONAL.png Graphic file (type p
ng)
<use ./imagenes/Paradigma de programacion - FUNCIONAL.png>
Package pdftex.def Info: ./imagenes/Paradigma de programacion - FUNCIONAL.png  
used on input line 1138.
(pdftex.def)             Requested size: 426.79134pt x 291.29689pt.
LaTeX Info: Redefining \. on input line 1152.
LaTeX Info: Redefining \% on input line 1152.
Package cleveref Info: loaded `spanish' language definitions on input line 1152
.
 [42 <./imagenes/Paradigma de programacion - FUNCIONAL.png>]
Overfull \hbox (12.40848pt too wide) in paragraph at lines 1186--1188
[][]$\OT1/pcr/m/n/12 https : / / www . google . es / url ? sa = t & rct = j & q
 = &esrc = s & source = web & cd =
 []


Overfull \hbox (55.60846pt too wide) in paragraph at lines 1186--1188
\OT1/pcr/m/n/12 3 & cad = rja & uact = 8 & ved = 2ahUKEwjTm4jd _ ZziAhWEz4UKHQv
KBs0QFjACegQIAhAC &
 []


Overfull \hbox (34.00847pt too wide) in paragraph at lines 1186--1188
\OT1/pcr/m/n/12 url = https % 3A % 2F % 2Fwww . thocp . net % 2Fbiographies % 2
Fpapers % 2Fbackus _
 []


Overfull \hbox (6.20848pt too wide) in paragraph at lines 1192--1194
[][]$\OT1/pcr/m/n/12 http : / / lpsil . u-[]bourgogne . fr / master1 / mi1-[]tc
5 / MATH / michelucci /
 []

LaTeX Info: Redefining \. on input line 1194.
LaTeX Info: Redefining \% on input line 1194.
Package cleveref Info: loaded `spanish' language definitions on input line 1194
.
[43]
LaTeX Info: Redefining \. on input line 1213.
LaTeX Info: Redefining \% on input line 1213.
Package cleveref Info: loaded `spanish' language definitions on input line 1213
.
 [44]
Cap\'{\i }tulo 4.
[45

]
LaTeX Info: Redefining \. on input line 1259.
LaTeX Info: Redefining \% on input line 1259.
Package cleveref Info: loaded `spanish' language definitions on input line 1259
.
 [46]
Cap\'{\i }tulo 5.
[47

]
LaTeX Info: Redefining \. on input line 1295.
LaTeX Info: Redefining \% on input line 1295.
Package cleveref Info: loaded `spanish' language definitions on input line 1295
.
 [48]
LaTeX Info: Redefining \. on input line 1303.
LaTeX Info: Redefining \% on input line 1303.
Package cleveref Info: loaded `spanish' language definitions on input line 1303
.
 [49]
Cap\'{\i }tulo 6.
[50

]
LaTeX Info: Redefining \. on input line 1341.
LaTeX Info: Redefining \% on input line 1341.
Package cleveref Info: loaded `spanish' language definitions on input line 1341
.
 [51]
LaTeX Info: Redefining \. on input line 1365.
LaTeX Info: Redefining \% on input line 1365.
Package cleveref Info: loaded `spanish' language definitions on input line 1365
.
 [52]
LaTeX Info: Redefining \. on input line 1394.
LaTeX Info: Redefining \% on input line 1394.
Package cleveref Info: loaded `spanish' language definitions on input line 1394
.
 [53]
LaTeX Info: Redefining \. on input line 1411.
LaTeX Info: Redefining \% on input line 1411.
Package cleveref Info: loaded `spanish' language definitions on input line 1411
.
 [54]
LaTeX Info: Redefining \. on input line 1424.
LaTeX Info: Redefining \% on input line 1424.
Package cleveref Info: loaded `spanish' language definitions on input line 1424
.
 [55]
Cap\'{\i }tulo 7.
[56

]
LaTeX Info: Redefining \. on input line 1473.
LaTeX Info: Redefining \% on input line 1473.
Package cleveref Info: loaded `spanish' language definitions on input line 1473
.
 [57]
LaTeX Info: Redefining \. on input line 1480.
LaTeX Info: Redefining \% on input line 1480.
Package cleveref Info: loaded `spanish' language definitions on input line 1480
.
 [58]
Cap\'{\i }tulo 8.
<./imagenes/PiramideDeTratamientoDeDatos.png, id=1283, 566.115pt x 626.34pt>
File: ./imagenes/PiramideDeTratamientoDeDatos.png Graphic file (type png)
<use ./imagenes/PiramideDeTratamientoDeDatos.png>
Package pdftex.def Info: ./imagenes/PiramideDeTratamientoDeDatos.png  used on i
nput line 1502.
(pdftex.def)             Requested size: 426.79134pt x 472.21002pt.
[59

]
LaTeX Info: Redefining \. on input line 1517.
LaTeX Info: Redefining \% on input line 1517.
Package cleveref Info: loaded `spanish' language definitions on input line 1517
.


Package Fancyhdr Warning: \headheight is too small (14.4521pt): 
Make it at least 26.1967pt.
We now make it that large for the rest of the document.
This may cause the page layout to be inconsistent, however.

[60 <./imagenes/PiramideDeTratamientoDeDatos.png>]
LaTeX Info: Redefining \. on input line 1545.
LaTeX Info: Redefining \% on input line 1545.
Package cleveref Info: loaded `spanish' language definitions on input line 1545
.
 [61]
LaTeX Info: Redefining \. on input line 1578.
LaTeX Info: Redefining \% on input line 1578.
Package cleveref Info: loaded `spanish' language definitions on input line 1578
.
 [62]
LaTeX Info: Redefining \. on input line 1606.
LaTeX Info: Redefining \% on input line 1606.
Package cleveref Info: loaded `spanish' language definitions on input line 1606
.
 [63]
<./imagenes/ejemplo de inyeccion de dependencias.png, id=1313, 723.70375pt x 56
8.1225pt>
File: ./imagenes/ejemplo de inyeccion de dependencias.png Graphic file (type pn
g)
<use ./imagenes/ejemplo de inyeccion de dependencias.png>
Package pdftex.def Info: ./imagenes/ejemplo de inyeccion de dependencias.png  u
sed on input line 1612.
(pdftex.def)             Requested size: 426.79134pt x 335.04199pt.
LaTeX Info: Redefining \. on input line 1617.
LaTeX Info: Redefining \% on input line 1617.
Package cleveref Info: loaded `spanish' language definitions on input line 1617
.
 [64 <./imagenes/ejemplo de inyeccion de dependencias.png>]
<./imagenes/ejemplo de inyeccion de dependencias - sin interfaces.png, id=1319,
 723.70375pt x 568.1225pt>
File: ./imagenes/ejemplo de inyeccion de dependencias - sin interfaces.png Grap
hic file (type png)
<use ./imagenes/ejemplo de inyeccion de dependencias - sin interfaces.png>
Package pdftex.def Info: ./imagenes/ejemplo de inyeccion de dependencias - sin 
interfaces.png  used on input line 1628.
(pdftex.def)             Requested size: 384.10959pt x 301.53693pt.
LaTeX Info: Redefining \. on input line 1638.
LaTeX Info: Redefining \% on input line 1638.
Package cleveref Info: loaded `spanish' language definitions on input line 1638
.
 [65 <./imagenes/ejemplo de inyeccion de dependencias - sin interfaces.png>]
LaTeX Info: Redefining \. on input line 1669.
LaTeX Info: Redefining \% on input line 1669.
Package cleveref Info: loaded `spanish' language definitions on input line 1669
.
 [66]
LaTeX Info: Redefining \. on input line 1693.
LaTeX Info: Redefining \% on input line 1693.
Package cleveref Info: loaded `spanish' language definitions on input line 1693
.
 [67]
Cap\'{\i }tulo 9.
[68

]
LaTeX Info: Redefining \. on input line 1733.
LaTeX Info: Redefining \% on input line 1733.
Package cleveref Info: loaded `spanish' language definitions on input line 1733
.
 [69]
LaTeX Info: Redefining \. on input line 1758.
LaTeX Info: Redefining \% on input line 1758.
Package cleveref Info: loaded `spanish' language definitions on input line 1758
.
 [70]
LaTeX Info: Redefining \. on input line 1788.
LaTeX Info: Redefining \% on input line 1788.
Package cleveref Info: loaded `spanish' language definitions on input line 1788
.
 [71]
<./imagenes/Conectar un led a una RaspberriPi.png, id=1359, 412.54124pt x 160.3
4906pt>
File: ./imagenes/Conectar un led a una RaspberriPi.png Graphic file (type png)
<use ./imagenes/Conectar un led a una RaspberriPi.png>
Package pdftex.def Info: ./imagenes/Conectar un led a una RaspberriPi.png  used
 on input line 1790.
(pdftex.def)             Requested size: 426.79134pt x 165.89049pt.
<./imagenes/Dibujar en el pipeline 2D de WPF.png, id=1360, 130.98938pt x 105.39
375pt>
File: ./imagenes/Dibujar en el pipeline 2D de WPF.png Graphic file (type png)
<use ./imagenes/Dibujar en el pipeline 2D de WPF.png>
Package pdftex.def Info: ./imagenes/Dibujar en el pipeline 2D de WPF.png  used 
on input line 1794.
(pdftex.def)             Requested size: 130.98904pt x 105.39348pt.
LaTeX Info: Redefining \. on input line 1825.
LaTeX Info: Redefining \% on input line 1825.
Package cleveref Info: loaded `spanish' language definitions on input line 1825
.
 [72 <./imagenes/Conectar un led a una RaspberriPi.png> <./imagenes/Dibujar en 
el pipeline 2D de WPF.png>]
LaTeX Info: Redefining \. on input line 1871.
LaTeX Info: Redefining \% on input line 1871.
Package cleveref Info: loaded `spanish' language definitions on input line 1871
.
 [73]
LaTeX Info: Redefining \. on input line 1922.
LaTeX Info: Redefining \% on input line 1922.
Package cleveref Info: loaded `spanish' language definitions on input line 1922
.
 [74]
Overfull \hbox (28.53044pt too wide) in paragraph at lines 1939--1940
[]\OT1/cmr/m/n/12 una su-ge-ren-cia in-tere-san-te: [][]$\OT1/pcr/m/n/12 https 
: / / www . codeproject . com / Articles / 611731 /
 []

LaTeX Info: Redefining \. on input line 1947.
LaTeX Info: Redefining \% on input line 1947.
Package cleveref Info: loaded `spanish' language definitions on input line 1947
.
[75]
Overfull \hbox (12.88734pt too wide) in paragraph at lines 1964--1965
\OT1/cmr/m/n/12 DeAr-ticu-loSe-gun-Pro-vee-dorX, Co-di-go-DeAr-ticu-loE-nAl-ma-
ce-nIn-ter-me-dio, Co-
 []

LaTeX Info: Redefining \. on input line 1979.
LaTeX Info: Redefining \% on input line 1979.
Package cleveref Info: loaded `spanish' language definitions on input line 1979
.
[76]
LaTeX Info: Redefining \. on input line 2001.
LaTeX Info: Redefining \% on input line 2001.
Package cleveref Info: loaded `spanish' language definitions on input line 2001
.
 [77]
LaTeX Info: Redefining \. on input line 2026.
LaTeX Info: Redefining \% on input line 2026.
Package cleveref Info: loaded `spanish' language definitions on input line 2026
.
 [78]
LaTeX Info: Redefining \. on input line 2051.
LaTeX Info: Redefining \% on input line 2051.
Package cleveref Info: loaded `spanish' language definitions on input line 2051
.
 [79]
Underfull \hbox (badness 1270) in paragraph at lines 2081--2085
[]|\OT1/cmr/m/n/12 Como ca-je-ro, ne-ce-si-to iden-ti-fi-car al
 []


Underfull \hbox (badness 10000) in paragraph at lines 2096--2100

 []


Overfull \hbox (19.54723pt too wide) in alignment at lines 2076--2107
 [] [] 
 []


Underfull \vbox (badness 10000) detected at line 2107
 []

LaTeX Info: Redefining \. on input line 2107.
LaTeX Info: Redefining \% on input line 2107.
Package cleveref Info: loaded `spanish' language definitions on input line 2107
.
[80]
LaTeX Info: Redefining \. on input line 2117.
LaTeX Info: Redefining \% on input line 2117.
Package cleveref Info: loaded `spanish' language definitions on input line 2117
.
 [81]
LaTeX Info: Redefining \. on input line 2146.
LaTeX Info: Redefining \% on input line 2146.
Package cleveref Info: loaded `spanish' language definitions on input line 2146
.
 [82]
LaTeX Info: Redefining \. on input line 2161.
LaTeX Info: Redefining \% on input line 2161.
Package cleveref Info: loaded `spanish' language definitions on input line 2161
.
 [83]
LaTeX Info: Redefining \. on input line 2204.
LaTeX Info: Redefining \% on input line 2204.
Package cleveref Info: loaded `spanish' language definitions on input line 2204
.
 [84]
LaTeX Info: Redefining \. on input line 2241.
LaTeX Info: Redefining \% on input line 2241.
Package cleveref Info: loaded `spanish' language definitions on input line 2241
.
 [85]
LaTeX Info: Redefining \. on input line 2248.
LaTeX Info: Redefining \% on input line 2248.
Package cleveref Info: loaded `spanish' language definitions on input line 2248
.
 [86]
Cap\'{\i }tulo 10.
[87

]
LaTeX Info: Redefining \. on input line 2283.
LaTeX Info: Redefining \% on input line 2283.
Package cleveref Info: loaded `spanish' language definitions on input line 2283
.
 [88]
LaTeX Info: Redefining \. on input line 2304.
LaTeX Info: Redefining \% on input line 2304.
Package cleveref Info: loaded `spanish' language definitions on input line 2304
.
 [89]
LaTeX Info: Redefining \. on input line 2321.
LaTeX Info: Redefining \% on input line 2321.
Package cleveref Info: loaded `spanish' language definitions on input line 2321
.
 [90]
Overfull \hbox (30.81679pt too wide) in paragraph at lines 2338--2339
[]\OT1/cmr/m/n/12 Monolith De-com-po-si-tion Pat-terns - Sam New-man: [][]$\OT1
/pcr/m/n/12 https : / / youtu . be / 9I9GdSQ1bbM$[][] 
 []


Overfull \hbox (56.87135pt too wide) in paragraph at lines 2346--2347
[]\OT1/cmr/m/n/12 The Log - Jay Kreps[][]$\OT1/pcr/m/n/12 https : / / engineeri
ng . linkedin . com / distributed-[]systems /
 []


Overfull \hbox (118.70844pt too wide) in paragraph at lines 2346--2347
\OT1/pcr/m/n/12 log-[]what-[]every-[]software-[]engineer-[]should-[]know-[]abou
t-[]real-[]time-[]datas-[]unifying$[][] 
 []


Overfull \hbox (22.4845pt too wide) in paragraph at lines 2361--2362
[]\OT1/cmr/m/n/12 SFIAplus - IT skills fra-me-work: [][]$\OT1/pcr/m/n/12 https 
: / / www . bcs . org / develop-[]your-[]people /
 []


Overfull \hbox (30.30847pt too wide) in paragraph at lines 2361--2362
\OT1/pcr/m/n/12 develop-[]your-[]team-[]or-[]organisation / sfiaplus-[]it-[]ski
lls-[]framework/$[][] 
 []

LaTeX Info: Redefining \. on input line 2366.
LaTeX Info: Redefining \% on input line 2366.
Package cleveref Info: loaded `spanish' language definitions on input line 2366
.
[91]
Overfull \hbox (31.95198pt too wide) in paragraph at lines 2369--2371
\OT1/cmr/m/n/12 Wirth . Jurg Gutk-necht . [][]$\OT1/pcr/m/n/12 www . ethoberon
 . ethz . ch / WirthPubl / ProjectOberon .
 []


Overfull \hbox (9.75426pt too wide) in paragraph at lines 2372--2373
[]\OT1/cmr/m/n/12 ``The World's Best In-tro to TDD'', J.B.Rainsberger: [][]$\OT
1/pcr/m/n/12 https : / / online-[]training .
 []

LaTeX Info: Redefining \. on input line 2379.
LaTeX Info: Redefining \% on input line 2379.
Package cleveref Info: loaded `spanish' language definitions on input line 2379
.
[92] [93

]
Overfull \hbox (2.34296pt too wide) in paragraph at lines 2411--2413
[]\OT1/cmr/m/n/12 resumen ex-tra-ido del li-bro ``Ex-tre-me Pro-gram-ming. Poc-
ket Gui-de'', O'Reilly [][]$\OT1/pcr/m/n/12 https :
 []


Overfull \hbox (92.60844pt too wide) in paragraph at lines 2411--2413
\OT1/pcr/m/n/12 / / www . oreilly . com / library / view / extreme-[]programmin
g-[]pocket / 9781449399849/$[][] 
 []

LaTeX Info: Redefining \. on input line 2430.
LaTeX Info: Redefining \% on input line 2430.
Package cleveref Info: loaded `spanish' language definitions on input line 2430
.
[94]

Package caption Warning: Unused \captionsetup[verbatim] on input line 74.
See the caption package documentation for explanation.

Package atveryend Info: Empty hook `BeforeClearDocument' on input line 2452.
LaTeX Info: Redefining \. on input line 2452.
LaTeX Info: Redefining \% on input line 2452.
Package cleveref Info: loaded `spanish' language definitions on input line 2452
.
[95]
Package atveryend Info: Empty hook `AfterLastShipout' on input line 2452.
 (Proyecto_Software.aux
LaTeX Info: Redefining \. on input line 25.
LaTeX Info: Redefining \% on input line 25.
Package cleveref Info: loaded `spanish' language definitions on input line 25.
)
Package atveryend Info: Executing hook `AtVeryEndDocument' on input line 2452.
Package atveryend Info: Executing hook `AtEndAfterFileList' on input line 2452.

Package rerunfilecheck Info: File `Proyecto_Software.out' has not changed.
(rerunfilecheck)             Checksum: 3ED93C3636F43224C903386ACC483007;9813.
Package atveryend Info: Empty hook `AtVeryVeryEnd' on input line 2452.
 ) 
Here is how much of TeX's memory you used:
 14468 strings out of 480790
 230098 string characters out of 2907058
 690833 words of memory out of 3000000
 29500 multiletter control sequences out of 15000+200000
 546313 words of font info for 77 fonts, out of 3000000 for 9000
 1141 hyphenation exceptions out of 8191
 39i,13n,45p,885b,2508s stack positions out of 5000i,500n,10000p,200000b,50000s
 <C:\Users\Juan\AppData\Local\MiKTeX\fonts/pk/ljfour/jknappen/ec/dpi600\tcrm1
200.pk>{C:/Program Files/MiKTeX/fonts/enc/dvips/base/8r.enc}<C:/Program Files/M
iKTeX/fonts/type1/public/amsfonts/cm/cmbx12.pfb><C:/Program Files/MiKTeX/fonts/
type1/public/amsfonts/cm/cmcsc10.pfb><C:/Program Files/MiKTeX/fonts/type1/publi
c/amsfonts/cm/cmmi12.pfb><C:/Program Files/MiKTeX/fonts/type1/public/amsfonts/c
m/cmmi8.pfb><C:/Program Files/MiKTeX/fonts/type1/public/amsfonts/cm/cmr10.pfb><
C:/Program Files/MiKTeX/fonts/type1/public/amsfonts/cm/cmr12.pfb><C:/Program Fi
les/MiKTeX/fonts/type1/public/amsfonts/cm/cmr17.pfb><C:/Program Files/MiKTeX/fo
nts/type1/public/amsfonts/cm/cmr6.pfb><C:/Program Files/MiKTeX/fonts/type1/publ
ic/amsfonts/cm/cmr7.pfb><C:/Program Files/MiKTeX/fonts/type1/public/amsfonts/cm
/cmr8.pfb><C:/Program Files/MiKTeX/fonts/type1/public/amsfonts/cm/cmsy10.pfb><C
:/Program Files/MiKTeX/fonts/type1/public/amsfonts/cm/cmti12.pfb><C:/Program Fi
les/MiKTeX/fonts/type1/urw/courier/ucrr8a.pfb>
Output written on Proyecto_Software.pdf (96 pages, 1724534 bytes).
PDF statistics:
 1850 PDF objects out of 2073 (max. 8388607)
 748 named destinations out of 1000 (max. 500000)
 975 words of extra memory for PDF output out of 10000 (max. 10000000)

