This is pdfTeX, Version 3.14159265-2.6-1.40.21 (MiKTeX 20.6.29) (preloaded format=pdflatex 2020.7.19)  2 MAR 2023 22:17
entering extended mode
**./Mas_alla_del_IF_y_del_WHILE.tex
(Mas_alla_del_IF_y_del_WHILE.tex
LaTeX2e <2020-02-02> patch level 5
L3 programming layer <2020-06-18>
("C:\Program Files\MiKTeX\tex/latex/base\book.cls"
Document Class: book 2019/12/20 v1.4l Standard LaTeX document class
("C:\Program Files\MiKTeX\tex/latex/base\bk12.clo"
File: bk12.clo 2019/12/20 v1.4l Standard LaTeX file (size option)
)
\c@part=\count167
\c@chapter=\count168
\c@section=\count169
\c@subsection=\count170
\c@subsubsection=\count171
\c@paragraph=\count172
\c@subparagraph=\count173
\c@figure=\count174
\c@table=\count175
\abovecaptionskip=\skip47
\belowcaptionskip=\skip48
\bibindent=\dimen134
)
("C:\Program Files\MiKTeX\tex/generic/babel\babel.sty"
Package: babel 2020/06/10 3.45 The Babel package

("C:\Program Files\MiKTeX\tex/generic/babel\babel.def"
File: babel.def 2020/06/10 3.45 Babel common definitions
\babel@savecnt=\count176
\U@D=\dimen135
\l@babelnohyphens=\language79

("C:\Program Files\MiKTeX\tex/generic/babel\txtbabel.def")
\bbl@readstream=\read2
)
\bbl@dirlevel=\count177

*************************************
* Local config file bblopts.cfg used
*
("C:\Program Files\MiKTeX\tex/latex/arabi\bblopts.cfg"
File: bblopts.cfg 2005/09/08 v0.1 add Arabic and Farsi to "declared" options of
 babel
)
(C:\Users\Juan\AppData\Roaming\MiKTeX\tex/latex/babel-spanish\spanish.ldf
Language: spanish.ldf 2016/03/03 v5.0p Spanish support from the babel system
\es@quottoks=\toks15
\es@quotdepth=\count178
Package babel Info: Making " an active character on input line 561.
Package babel Info: Making . an active character on input line 662.
Package babel Info: Making < an active character on input line 707.
Package babel Info: Making > an active character on input line 707.
))
("C:\Program Files\MiKTeX\tex/latex/base\inputenc.sty"
Package: inputenc 2018/08/11 v1.3c Input encoding file
\inpenc@prehook=\toks16
\inpenc@posthook=\toks17
)
(C:\Users\Juan\AppData\Roaming\MiKTeX\tex/latex/footmisc\footmisc.sty
Package: footmisc 2011/06/06 v5.5b a miscellany of footnote facilities
\FN@temptoken=\toks18
\footnotemargin=\dimen136
\c@pp@next@reset=\count179
Package footmisc Info: Declaring symbol style bringhurst on input line 855.
Package footmisc Info: Declaring symbol style chicago on input line 863.
Package footmisc Info: Declaring symbol style wiley on input line 872.
Package footmisc Info: Declaring symbol style lamport-robust on input line 883.

Package footmisc Info: Declaring symbol style lamport* on input line 903.
Package footmisc Info: Declaring symbol style lamport*-robust on input line 924
.
)
(C:\Users\Juan\AppData\Roaming\MiKTeX\tex/latex/geometry\geometry.sty
Package: geometry 2020/01/02 v5.9 Page Geometry

("C:\Program Files\MiKTeX\tex/latex/graphics\keyval.sty"
Package: keyval 2014/10/28 v1.15 key=value parser (DPC)
\KV@toks@=\toks19
)
("C:\Program Files\MiKTeX\tex/generic/iftex\ifvtex.sty"
Package: ifvtex 2019/10/25 v1.7 ifvtex legacy package. Use iftex instead.

("C:\Program Files\MiKTeX\tex/generic/iftex\iftex.sty"
Package: iftex 2020/03/06 v1.0d TeX engine tests
))
\Gm@cnth=\count180
\Gm@cntv=\count181
\c@Gm@tempcnt=\count182
\Gm@bindingoffset=\dimen137
\Gm@wd@mp=\dimen138
\Gm@odd@mp=\dimen139
\Gm@even@mp=\dimen140
\Gm@layoutwidth=\dimen141
\Gm@layoutheight=\dimen142
\Gm@layouthoffset=\dimen143
\Gm@layoutvoffset=\dimen144
\Gm@dimlist=\toks20

(C:\Users\Juan\AppData\Roaming\MiKTeX\tex/latex/geometry\geometry.cfg))
(C:\Users\Juan\AppData\Roaming\MiKTeX\tex/latex/enumitem\enumitem.sty
Package: enumitem 2019/06/20 v3.9 Customized lists
\labelindent=\skip49
\enit@outerparindent=\dimen145
\enit@toks=\toks21
\enit@inbox=\box45
\enit@count@id=\count183
\enitdp@description=\count184
)
("C:\Program Files\MiKTeX\tex/latex/tools\longtable.sty"
Package: longtable 2020/01/07 v4.13 Multi-page Table package (DPC)
\LTleft=\skip50
\LTright=\skip51
\LTpre=\skip52
\LTpost=\skip53
\LTchunksize=\count185
\LTcapwidth=\dimen146
\LT@head=\box46
\LT@firsthead=\box47
\LT@foot=\box48
\LT@lastfoot=\box49
\LT@cols=\count186
\LT@rows=\count187
\c@LT@tables=\count188
\c@LT@chunks=\count189
\LT@p@ftn=\toks22
)
("C:\Program Files\MiKTeX\tex/latex/amsmath\amsmath.sty"
Package: amsmath 2020/01/20 v2.17e AMS math features
\@mathmargin=\skip54

For additional information on amsmath, use the `?' option.
("C:\Program Files\MiKTeX\tex/latex/amsmath\amstext.sty"
Package: amstext 2000/06/29 v2.01 AMS text

("C:\Program Files\MiKTeX\tex/latex/amsmath\amsgen.sty"
File: amsgen.sty 1999/11/30 v2.0 generic functions
\@emptytoks=\toks23
\ex@=\dimen147
))
("C:\Program Files\MiKTeX\tex/latex/amsmath\amsbsy.sty"
Package: amsbsy 1999/11/29 v1.2d Bold Symbols
\pmbraise@=\dimen148
)
("C:\Program Files\MiKTeX\tex/latex/amsmath\amsopn.sty"
Package: amsopn 2016/03/08 v2.02 operator names
)
\inf@bad=\count190
LaTeX Info: Redefining \frac on input line 227.
\uproot@=\count191
\leftroot@=\count192
LaTeX Info: Redefining \overline on input line 389.
\classnum@=\count193
\DOTSCASE@=\count194
LaTeX Info: Redefining \ldots on input line 486.
LaTeX Info: Redefining \dots on input line 489.
LaTeX Info: Redefining \cdots on input line 610.
\Mathstrutbox@=\box50
\strutbox@=\box51
\big@size=\dimen149
LaTeX Font Info:    Redeclaring font encoding OML on input line 733.
LaTeX Font Info:    Redeclaring font encoding OMS on input line 734.
\macc@depth=\count195
\c@MaxMatrixCols=\count196
\dotsspace@=\muskip16
\c@parentequation=\count197
\dspbrk@lvl=\count198
\tag@help=\toks24
\row@=\count199
\column@=\count266
\maxfields@=\count267
\andhelp@=\toks25
\eqnshift@=\dimen150
\alignsep@=\dimen151
\tagshift@=\dimen152
\tagwidth@=\dimen153
\totwidth@=\dimen154
\lineht@=\dimen155
\@envbody=\toks26
\multlinegap=\skip55
\multlinetaggap=\skip56
\mathdisplay@stack=\toks27
LaTeX Info: Redefining \[ on input line 2859.
LaTeX Info: Redefining \] on input line 2860.
)
("C:\Program Files\MiKTeX\tex/latex/amsfonts\amsfonts.sty"
Package: amsfonts 2013/01/14 v3.01 Basic AMSFonts support
\symAMSa=\mathgroup4
\symAMSb=\mathgroup5
LaTeX Font Info:    Redeclaring math symbol \hbar on input line 98.
LaTeX Font Info:    Overwriting math alphabet `\mathfrak' in version `bold'
(Font)                  U/euf/m/n --> U/euf/b/n on input line 106.
)
("C:\Program Files\MiKTeX\tex/latex/amsfonts\amssymb.sty"
Package: amssymb 2013/01/14 v3.01 AMS font symbols
)
("C:\Program Files\MiKTeX\tex/latex/graphics\graphicx.sty"
Package: graphicx 2019/11/30 v1.2a Enhanced LaTeX Graphics (DPC,SPQR)

("C:\Program Files\MiKTeX\tex/latex/graphics\graphics.sty"
Package: graphics 2019/11/30 v1.4a Standard LaTeX Graphics (DPC,SPQR)

("C:\Program Files\MiKTeX\tex/latex/graphics\trig.sty"
Package: trig 2016/01/03 v1.10 sin cos tan (DPC)
)
("C:\Program Files\MiKTeX\tex/latex/graphics-cfg\graphics.cfg"
File: graphics.cfg 2016/06/04 v1.11 sample graphics configuration
)
Package graphics Info: Driver file: pdftex.def on input line 105.

("C:\Program Files\MiKTeX\tex/latex/graphics-def\pdftex.def"
File: pdftex.def 2018/01/08 v1.0l Graphics/color driver for pdftex
))
\Gin@req@height=\dimen156
\Gin@req@width=\dimen157
)
("C:\Program Files\MiKTeX\tex/latex/listings\listings.sty"
\lst@mode=\count268
\lst@gtempboxa=\box52
\lst@token=\toks28
\lst@length=\count269
\lst@currlwidth=\dimen158
\lst@column=\count270
\lst@pos=\count271
\lst@lostspace=\dimen159
\lst@width=\dimen160
\lst@newlines=\count272
\lst@lineno=\count273
\lst@maxwidth=\dimen161

("C:\Program Files\MiKTeX\tex/latex/listings\lstmisc.sty"
File: lstmisc.sty 2020/03/24 1.8d (Carsten Heinz)
\c@lstnumber=\count274
\lst@skipnumbers=\count275
\lst@framebox=\box53
)
("C:\Program Files\MiKTeX\tex/latex/listings\listings.cfg"
File: listings.cfg 2020/03/24 1.8d listings configuration
))
Package: listings 2020/03/24 1.8d (Carsten Heinz)

(C:\Users\Juan\AppData\Roaming\MiKTeX\tex/latex/psnfss\courier.sty
Package: courier 2020/03/25 PSNFSS-v9.3 (WaS) 
)
("C:\Program Files\MiKTeX\tex/latex/xcolor\xcolor.sty"
Package: xcolor 2016/05/11 v2.12 LaTeX color extensions (UK)

("C:\Program Files\MiKTeX\tex/latex/graphics-cfg\color.cfg"
File: color.cfg 2016/01/02 v1.6 sample color configuration
)
Package xcolor Info: Driver file: pdftex.def on input line 225.
Package xcolor Info: Model `cmy' substituted by `cmy0' on input line 1348.
Package xcolor Info: Model `hsb' substituted by `rgb' on input line 1352.
Package xcolor Info: Model `RGB' extended on input line 1364.
Package xcolor Info: Model `HTML' substituted by `rgb' on input line 1366.
Package xcolor Info: Model `Hsb' substituted by `hsb' on input line 1367.
Package xcolor Info: Model `tHsb' substituted by `hsb' on input line 1368.
Package xcolor Info: Model `HSB' substituted by `hsb' on input line 1369.
Package xcolor Info: Model `Gray' substituted by `gray' on input line 1370.
Package xcolor Info: Model `wave' substituted by `hsb' on input line 1371.
)
("C:\Program Files\MiKTeX\tex/latex/listings\lstlang1.sty"
File: lstlang1.sty 2020/03/24 1.8d listings language file
)
("C:\Program Files\MiKTeX\tex/latex/listings\lstmisc.sty"
File: lstmisc.sty 2020/03/24 1.8d (Carsten Heinz)
)
(C:\Users\Juan\AppData\Roaming\MiKTeX\tex/latex/caption\caption.sty
Package: caption 2020/05/30 v3.4k Customizing captions (AR)

(C:\Users\Juan\AppData\Roaming\MiKTeX\tex/latex/caption\caption3.sty
Package: caption3 2020/05/30 v1.12 caption3 kernel (AR)
Package caption3 Info: TeX engine: e-TeX on input line 61.
\captionmargin=\dimen162
\captionmargin@=\dimen163
\captionwidth=\dimen164
\caption@tempdima=\dimen165
\caption@indent=\dimen166
\caption@parindent=\dimen167
\caption@hangindent=\dimen168
Package caption Info: Standard document class detected.
)
\c@caption@flags=\count276
\c@continuedfloat=\count277
Package caption Info: listings package is loaded.
Package caption Info: longtable package is loaded.

(C:\Users\Juan\AppData\Roaming\MiKTeX\tex/latex/caption\ltcaption.sty
Package: ltcaption 2020/05/30 v1.4b longtable captions (AR)
))
("C:\Program Files\MiKTeX\tex/latex/hyperref\hyperref.sty"
Package: hyperref 2020-05-15 v7.00e Hypertext links for LaTeX

(C:\Users\Juan\AppData\Roaming\MiKTeX\tex/generic/ltxcmds\ltxcmds.sty
Package: ltxcmds 2019/12/15 v1.24 LaTeX kernel commands for general use (HO)
)
("C:\Program Files\MiKTeX\tex/generic/pdftexcmds\pdftexcmds.sty"
Package: pdftexcmds 2020-06-27 v0.33 Utility functions of pdfTeX for LuaTeX (HO
)

(C:\Users\Juan\AppData\Roaming\MiKTeX\tex/generic/infwarerr\infwarerr.sty
Package: infwarerr 2019/12/03 v1.5 Providing info/warning/error messages (HO)
)
Package pdftexcmds Info: \pdf@primitive is available.
Package pdftexcmds Info: \pdf@ifprimitive is available.
Package pdftexcmds Info: \pdfdraftmode found.
)
(C:\Users\Juan\AppData\Roaming\MiKTeX\tex/generic/kvsetkeys\kvsetkeys.sty
Package: kvsetkeys 2019/12/15 v1.18 Key value parser (HO)
)
(C:\Users\Juan\AppData\Roaming\MiKTeX\tex/generic/kvdefinekeys\kvdefinekeys.sty
Package: kvdefinekeys 2019-12-19 v1.6 Define keys (HO)
) (C:\Users\Juan\AppData\Roaming\MiKTeX\tex/generic/pdfescape\pdfescape.sty
Package: pdfescape 2019/12/09 v1.15 Implements pdfTeX's escape features (HO)
)
(C:\Users\Juan\AppData\Roaming\MiKTeX\tex/latex/hycolor\hycolor.sty
Package: hycolor 2020-01-27 v1.10 Color options for hyperref/bookmark (HO)
)
(C:\Users\Juan\AppData\Roaming\MiKTeX\tex/latex/letltxmacro\letltxmacro.sty
Package: letltxmacro 2019/12/03 v1.6 Let assignment for LaTeX macros (HO)
)
(C:\Users\Juan\AppData\Roaming\MiKTeX\tex/latex/auxhook\auxhook.sty
Package: auxhook 2019-12-17 v1.6 Hooks for auxiliary files (HO)
)
(C:\Users\Juan\AppData\Roaming\MiKTeX\tex/latex/kvoptions\kvoptions.sty
Package: kvoptions 2019/11/29 v3.13 Key value format for package options (HO)
)
\@linkdim=\dimen169
\Hy@linkcounter=\count278
\Hy@pagecounter=\count279

("C:\Program Files\MiKTeX\tex/latex/hyperref\pd1enc.def"
File: pd1enc.def 2020-05-15 v7.00e Hyperref: PDFDocEncoding definition (HO)
Now handling font encoding PD1 ...
... no UTF-8 mapping file for font encoding PD1
)
(C:\Users\Juan\AppData\Roaming\MiKTeX\tex/generic/intcalc\intcalc.sty
Package: intcalc 2019/12/15 v1.3 Expandable calculations with integers (HO)
)
(C:\Users\Juan\AppData\Roaming\MiKTeX\tex/generic/etexcmds\etexcmds.sty
Package: etexcmds 2019/12/15 v1.7 Avoid name clashes with e-TeX commands (HO)
)
\Hy@SavedSpaceFactor=\count280
Package hyperref Info: Option `final' set `true' on input line 4338.
Package hyperref Info: Option `colorlinks' set `true' on input line 4338.
Package hyperref Info: Hyper figures OFF on input line 4464.
Package hyperref Info: Link nesting OFF on input line 4469.
Package hyperref Info: Hyper index ON on input line 4472.
Package hyperref Info: Plain pages OFF on input line 4479.
Package hyperref Info: Backreferencing OFF on input line 4484.
Package hyperref Info: Implicit mode ON; LaTeX internals redefined.
Package hyperref Info: Bookmarks ON on input line 4717.
\c@Hy@tempcnt=\count281

("C:\Program Files\MiKTeX\tex/latex/url\url.sty"
\Urlmuskip=\muskip17
Package: url 2013/09/16  ver 3.4  Verb mode for urls, etc.
)
LaTeX Info: Redefining \url on input line 5076.
\XeTeXLinkMargin=\dimen170

(C:\Users\Juan\AppData\Roaming\MiKTeX\tex/generic/bitset\bitset.sty
Package: bitset 2019/12/09 v1.3 Handle bit-vector datatype (HO)

(C:\Users\Juan\AppData\Roaming\MiKTeX\tex/generic/bigintcalc\bigintcalc.sty
Package: bigintcalc 2019/12/15 v1.5 Expandable calculations on big integers (HO
)
))
\Fld@menulength=\count282
\Field@Width=\dimen171
\Fld@charsize=\dimen172
Package hyperref Info: Hyper figures OFF on input line 6347.
Package hyperref Info: Link nesting OFF on input line 6352.
Package hyperref Info: Hyper index ON on input line 6355.
Package hyperref Info: backreferencing OFF on input line 6362.
Package hyperref Info: Link coloring ON on input line 6365.
Package hyperref Info: Link coloring with OCG OFF on input line 6372.
Package hyperref Info: PDF/A mode OFF on input line 6377.
LaTeX Info: Redefining \ref on input line 6417.
LaTeX Info: Redefining \pageref on input line 6421.

(C:\Users\Juan\AppData\Roaming\MiKTeX\tex/generic/atbegshi\atbegshi.sty
Package: atbegshi 2019/12/05 v1.19 At begin shipout hook (HO)
)
\Hy@abspage=\count283
\c@Item=\count284
\c@Hfootnote=\count285
)
Package hyperref Info: Driver (autodetected): hpdftex.

("C:\Program Files\MiKTeX\tex/latex/hyperref\hpdftex.def"
File: hpdftex.def 2020-05-15 v7.00e Hyperref driver for pdfTeX

(C:\Users\Juan\AppData\Roaming\MiKTeX\tex/latex/atveryend\atveryend.sty
Package: atveryend 2019-12-11 v1.11 Hooks at the very end of document (HO)
Package atveryend Info: \enddocument detected (standard20110627).
)
\Fld@listcount=\count286
\c@bookmark@seq@number=\count287

(C:\Users\Juan\AppData\Roaming\MiKTeX\tex/latex/rerunfilecheck\rerunfilecheck.s
ty
Package: rerunfilecheck 2019/12/05 v1.9 Rerun checks for auxiliary files (HO)

(C:\Users\Juan\AppData\Roaming\MiKTeX\tex/generic/uniquecounter\uniquecounter.s
ty
Package: uniquecounter 2019/12/15 v1.4 Provide unlimited unique counter (HO)
)
Package uniquecounter Info: New unique counter `rerunfilecheck' on input line 2
86.
)
\Hy@SectionHShift=\skip57
)
Package hyperref Info: Option `colorlinks' set `true' on input line 78.
 (C:\Users\Juan\AppData\Roaming\MiKTeX\tex/latex/cleveref\cleveref.sty
Package: cleveref 2018/03/27 v0.21.4 Intelligent cross-referencing
Package cleveref Info: `hyperref' support loaded on input line 2370.
LaTeX Info: Redefining \cref on input line 2370.
LaTeX Info: Redefining \Cref on input line 2370.
LaTeX Info: Redefining \crefrange on input line 2370.
LaTeX Info: Redefining \Crefrange on input line 2370.
LaTeX Info: Redefining \cpageref on input line 2370.
LaTeX Info: Redefining \Cpageref on input line 2370.
LaTeX Info: Redefining \cpagerefrange on input line 2370.
LaTeX Info: Redefining \Cpagerefrange on input line 2370.
LaTeX Info: Redefining \labelcref on input line 2370.
LaTeX Info: Redefining \labelcpageref on input line 2370.
Package cleveref Info: `listings' support loaded on input line 3131.
)
(C:\Users\Juan\AppData\Roaming\MiKTeX\tex/latex/fancyhdr\fancyhdr.sty
Package: fancyhdr 2019/01/31 v3.10 Extensive control of page headers and footer
s
\f@nch@headwidth=\skip58
\f@nch@O@elh=\skip59
\f@nch@O@erh=\skip60
\f@nch@O@olh=\skip61
\f@nch@O@orh=\skip62
\f@nch@O@elf=\skip63
\f@nch@O@erf=\skip64
\f@nch@O@olf=\skip65
\f@nch@O@orf=\skip66
)

Package Fancyhdr Warning: \fancyhead's `E' option without twoside option is use
less on input line 84.


Package Fancyhdr Warning: \fancyhead's `E' option without twoside option is use
less on input line 86.


(C:\Users\Juan\AppData\Roaming\MiKTeX\tex/latex/authoraftertitle\authoraftertit
le.sty
Package: authoraftertitle 2006/10/14 v0.9 package for Author after Titlepage
) ("C:\Program Files\MiKTeX\tex/latex/l3backend\l3backend-pdfmode.def"
File: l3backend-pdfmode.def 2020-06-29 L3 backend support: PDF mode
\l__kernel_color_stack_int=\count288
\l__pdf_internal_box=\box54
)
(Mas_alla_del_IF_y_del_WHILE.aux
LaTeX Info: Redefining \. on input line 25.
LaTeX Info: Redefining \% on input line 25.
)
\openout1 = `Mas_alla_del_IF_y_del_WHILE.aux'.

LaTeX Font Info:    Checking defaults for OML/cmm/m/it on input line 95.
LaTeX Font Info:    ... okay on input line 95.
LaTeX Font Info:    Checking defaults for OMS/cmsy/m/n on input line 95.
LaTeX Font Info:    ... okay on input line 95.
LaTeX Font Info:    Checking defaults for OT1/cmr/m/n on input line 95.
LaTeX Font Info:    ... okay on input line 95.
LaTeX Font Info:    Checking defaults for T1/cmr/m/n on input line 95.
LaTeX Font Info:    ... okay on input line 95.
LaTeX Font Info:    Checking defaults for TS1/cmr/m/n on input line 95.
LaTeX Font Info:    ... okay on input line 95.
LaTeX Font Info:    Checking defaults for OMX/cmex/m/n on input line 95.
LaTeX Font Info:    ... okay on input line 95.
LaTeX Font Info:    Checking defaults for U/cmr/m/n on input line 95.
LaTeX Font Info:    ... okay on input line 95.
LaTeX Font Info:    Checking defaults for PD1/pdf/m/n on input line 95.
LaTeX Font Info:    ... okay on input line 95.
LaTeX Info: Redefining \. on input line 95.
LaTeX Info: Redefining \% on input line 95.

*geometry* driver: auto-detecting
*geometry* detected driver: pdftex
*geometry* verbose mode - [ preamble ] result:
* driver: pdftex
* paper: a4paper
* layout: <same size as paper>
* layoutoffset:(h,v)=(0.0pt,0.0pt)
* modes: 
* h-part:(L,W,R)=(85.35826pt, 426.79134pt, 85.35828pt)
* v-part:(T,H,B)=(64.87228pt, 682.86613pt, 97.30843pt)
* \paperwidth=597.50787pt
* \paperheight=845.04684pt
* \textwidth=426.79134pt
* \textheight=682.86613pt
* \oddsidemargin=13.08827pt
* \evensidemargin=13.08827pt
* \topmargin=-41.2715pt
* \headheight=14.0pt
* \headsep=19.8738pt
* \topskip=12.0pt
* \footskip=30.0pt
* \marginparwidth=38.0pt
* \marginparsep=7.0pt
* \columnsep=10.0pt
* \skip\footins=34.8pt plus 9.0pt minus 2.0pt
* \hoffset=0.0pt
* \voffset=0.0pt
* \mag=1000
* \@twocolumnfalse
* \@twosidefalse
* \@mparswitchfalse
* \@reversemarginfalse
* (1in=72.27pt=25.4mm, 1cm=28.453pt)

("C:\Program Files\MiKTeX\tex/context/base/mkii\supp-pdf.mkii"
[Loading MPS to PDF converter (version 2006.09.02).]
\scratchcounter=\count289
\scratchdimen=\dimen173
\scratchbox=\box55
\nofMPsegments=\count290
\nofMParguments=\count291
\everyMPshowfont=\toks29
\MPscratchCnt=\count292
\MPscratchDim=\dimen174
\MPnumerator=\count293
\makeMPintoPDFobject=\count294
\everyMPtoPDFconversion=\toks30
) ("C:\Program Files\MiKTeX\tex/latex/epstopdf-pkg\epstopdf-base.sty"
Package: epstopdf-base 2020-01-24 v2.11 Base part for package epstopdf
Package epstopdf-base Info: Redefining graphics rule for `.eps' on input line 4
85.
)
\c@lstlisting=\count295
Package caption Info: Begin \AtBeginDocument code.
Package caption Info: hyperref package is loaded.
Package caption Info: End \AtBeginDocument code.
\AtBeginShipoutBox=\box56
Package hyperref Info: Link coloring ON on input line 95.

("C:\Program Files\MiKTeX\tex/latex/hyperref\nameref.sty"
Package: nameref 2019/09/16 v2.46 Cross-referencing by name of section

(C:\Users\Juan\AppData\Roaming\MiKTeX\tex/latex/refcount\refcount.sty
Package: refcount 2019/12/15 v3.6 Data extraction from label references (HO)
)
(C:\Users\Juan\AppData\Roaming\MiKTeX\tex/generic/gettitlestring\gettitlestring
.sty
Package: gettitlestring 2019/12/15 v1.6 Cleanup title references (HO)
)
\c@section@level=\count296
)
LaTeX Info: Redefining \ref on input line 95.
LaTeX Info: Redefining \pageref on input line 95.
LaTeX Info: Redefining \nameref on input line 95.
 (Mas_alla_del_IF_y_del_WHILE.out) (Mas_alla_del_IF_y_del_WHILE.out)
\@outlinefile=\write3
\openout3 = `Mas_alla_del_IF_y_del_WHILE.out'.

LaTeX Font Info:    Trying to load font information for OT1+pcr on input line 1
15.

(C:\Users\Juan\AppData\Roaming\MiKTeX\tex/latex/psnfss\ot1pcr.fd
File: ot1pcr.fd 2001/06/04 font definitions for OT1/pcr.
)
LaTeX Font Info:    Trying to load font information for U+msa on input line 115
.

("C:\Program Files\MiKTeX\tex/latex/amsfonts\umsa.fd"
File: umsa.fd 2013/01/14 v3.01 AMS symbols A
)
LaTeX Font Info:    Trying to load font information for U+msb on input line 115
.

("C:\Program Files\MiKTeX\tex/latex/amsfonts\umsb.fd"
File: umsb.fd 2013/01/14 v3.01 AMS symbols B
)
<./imagenes/CreativeCommons-Attribution-ShareAlike-logo.png, id=357, 167.12437p
t x 60.97781pt>
File: ./imagenes/CreativeCommons-Attribution-ShareAlike-logo.png Graphic file (
type png)
<use ./imagenes/CreativeCommons-Attribution-ShareAlike-logo.png>
Package pdftex.def Info: ./imagenes/CreativeCommons-Attribution-ShareAlike-logo
.png  used on input line 118.
(pdftex.def)             Requested size: 50.13768pt x 18.29347pt.
 [1


{C:/Users/Juan/AppData/Local/MiKTeX/pdftex/config/pdftex.map} <./imagenes/Creat
iveCommons-Attribution-ShareAlike-logo.png>] (Mas_alla_del_IF_y_del_WHILE.toc
LaTeX Info: Redefining \. on input line 1.
LaTeX Info: Redefining \% on input line 1.
Package cleveref Info: loaded `spanish' language definitions on input line 1.
pdfTeX warning (ext4): destination with the same identifier (name{page.1}) has 
been already used, duplicate ignored
<to be read again> 
                   \relax 
l.34 ...jetos: clases e instancias}{30}{chapter.3}
                                                  % [1

]
LaTeX Info: Redefining \. on input line 64.
LaTeX Info: Redefining \% on input line 64.
Package cleveref Info: loaded `spanish' language definitions on input line 64.


Package Fancyhdr Warning: \headheight is too small (14.0pt): 
Make it at least 14.4521pt.
We now make it that large for the rest of the document.
This may cause the page layout to be inconsistent, however.

[2]
LaTeX Info: Redefining \. on input line 95.
LaTeX Info: Redefining \% on input line 95.
Package cleveref Info: loaded `spanish' language definitions on input line 95.
 [3])
\tf@toc=\write4
\openout4 = `Mas_alla_del_IF_y_del_WHILE.toc'.

LaTeX Info: Redefining \. on input line 128.
LaTeX Info: Redefining \% on input line 128.
Package cleveref Info: loaded `spanish' language definitions on input line 128.

 [4] [5

]
Cap\'{\i }tulo 1.

Overfull \hbox (6.70848pt too wide) in paragraph at lines 166--172
[][]$\OT1/pcr/m/n/12 https : / / confluence . atlassian . com / get-[]started-[
]with-[]sourcetree$[][] 
 []

[6

]
<./imagenes/Sourcetree - configurar datos identificativos generales.png, id=498
, 512.66531pt x 452.4403pt>
File: ./imagenes/Sourcetree - configurar datos identificativos generales.png Gr
aphic file (type png)
<use ./imagenes/Sourcetree - configurar datos identificativos generales.png>
Package pdftex.def Info: ./imagenes/Sourcetree - configurar datos identificativ
os generales.png  used on input line 176.
(pdftex.def)             Requested size: 277.41176pt x 244.825pt.
<./imagenes/Sourcetree - configurar datos identificativos para un repositorio.p
ng, id=499, 453.19313pt x 422.32782pt>
File: ./imagenes/Sourcetree - configurar datos identificativos para un reposito
rio.png Graphic file (type png)
<use ./imagenes/Sourcetree - configurar datos identificativos para un repositor
io.png>
Package pdftex.def Info: ./imagenes/Sourcetree - configurar datos identificativ
os para un repositorio.png  used on input line 179.
(pdftex.def)             Requested size: 277.41176pt x 258.51534pt.
<./imagenes/Sourcetree - dar la orden de crear nuevo repositorio.png, id=500, 5
90.205pt x 361.35pt>
File: ./imagenes/Sourcetree - dar la orden de crear nuevo repositorio.png Graph
ic file (type png)
<use ./imagenes/Sourcetree - dar la orden de crear nuevo repositorio.png>
Package pdftex.def Info: ./imagenes/Sourcetree - dar la orden de crear nuevo re
positorio.png  used on input line 183.
(pdftex.def)             Requested size: 341.43436pt x 209.0428pt.
<./imagenes/Sourcetree - crear nueva carpeta en el disco.png, id=501, 504.38437
pt x 226.59656pt>
File: ./imagenes/Sourcetree - crear nueva carpeta en el disco.png Graphic file 
(type png)
<use ./imagenes/Sourcetree - crear nueva carpeta en el disco.png>
Package pdftex.def Info: ./imagenes/Sourcetree - crear nueva carpeta en el disc
o.png  used on input line 184.
(pdftex.def)             Requested size: 341.43436pt x 153.39209pt.
<./imagenes/Sourcetree - crear nuevo repositorio.png, id=502, 584.93532pt x 375
.65344pt>
File: ./imagenes/Sourcetree - crear nuevo repositorio.png Graphic file (type pn
g)
<use ./imagenes/Sourcetree - crear nuevo repositorio.png>
Package pdftex.def Info: ./imagenes/Sourcetree - crear nuevo repositorio.png  u
sed on input line 185.
(pdftex.def)             Requested size: 341.43436pt x 219.28348pt.
<./imagenes/Sourcetree - aviso al crear nuevo repositorio.png, id=503, 585.6881
3pt x 359.09157pt>
File: ./imagenes/Sourcetree - aviso al crear nuevo repositorio.png Graphic file
 (type png)
<use ./imagenes/Sourcetree - aviso al crear nuevo repositorio.png>
Package pdftex.def Info: ./imagenes/Sourcetree - aviso al crear nuevo repositor
io.png  used on input line 186.
(pdftex.def)             Requested size: 341.43436pt x 209.34718pt.
LaTeX Info: Redefining \. on input line 187.
LaTeX Info: Redefining \% on input line 187.
Package cleveref Info: loaded `spanish' language definitions on input line 187.

 [7 <./imagenes/Sourcetree - configurar datos identificativos generales.png> <.
/imagenes/Sourcetree - configurar datos identificativos para un repositorio.png
>]
LaTeX Info: Redefining \. on input line 188.
LaTeX Info: Redefining \% on input line 188.
Package cleveref Info: loaded `spanish' language definitions on input line 188.

 [8 <./imagenes/Sourcetree - dar la orden de crear nuevo repositorio.png> <./im
agenes/Sourcetree - crear nueva carpeta en el disco.png> <./imagenes/Sourcetree
 - crear nuevo repositorio.png>]
<./imagenes/Sourcetree - contenido de la subcarpeta git.png, id=518, 359.84438p
t x 178.41656pt>
File: ./imagenes/Sourcetree - contenido de la subcarpeta git.png Graphic file (
type png)
<use ./imagenes/Sourcetree - contenido de la subcarpeta git.png>
Package pdftex.def Info: ./imagenes/Sourcetree - contenido de la subcarpeta git
.png  used on input line 191.
(pdftex.def)             Requested size: 298.75262pt x 148.13742pt.
<./imagenes/Sourcetree - contenido de la carpeta con codigo.png, id=519, 366.61
969pt x 166.37157pt>
File: ./imagenes/Sourcetree - contenido de la carpeta con codigo.png Graphic fi
le (type png)
<use ./imagenes/Sourcetree - contenido de la carpeta con codigo.png>
Package pdftex.def Info: ./imagenes/Sourcetree - contenido de la carpeta con co
digo.png  used on input line 194.
(pdftex.def)             Requested size: 298.75262pt x 135.58272pt.
LaTeX Info: Redefining \. on input line 198.
LaTeX Info: Redefining \% on input line 198.
Package cleveref Info: loaded `spanish' language definitions on input line 198.

 [9 <./imagenes/Sourcetree - aviso al crear nuevo repositorio.png> <./imagenes/
Sourcetree - contenido de la subcarpeta git.png> <./imagenes/Sourcetree - conte
nido de la carpeta con codigo.png>]
<./imagenes/Sourcetree - stage all.png, id=527, 923.70094pt x 560.0925pt>
File: ./imagenes/Sourcetree - stage all.png Graphic file (type png)
<use ./imagenes/Sourcetree - stage all.png>
Package pdftex.def Info: ./imagenes/Sourcetree - stage all.png  used on input l
ine 214.
(pdftex.def)             Requested size: 426.79134pt x 258.79088pt.
<./imagenes/Sourcetree - commit.png, id=528, 953.06062pt x 551.81157pt>
File: ./imagenes/Sourcetree - commit.png Graphic file (type png)
<use ./imagenes/Sourcetree - commit.png>
Package pdftex.def Info: ./imagenes/Sourcetree - commit.png  used on input line
 223.
(pdftex.def)             Requested size: 426.79134pt x 247.10886pt.
<./imagenes/Sourcetree - rama master tras el primer commit.png, id=529, 925.959
38pt x 543.53062pt>
File: ./imagenes/Sourcetree - rama master tras el primer commit.png Graphic fil
e (type png)
<use ./imagenes/Sourcetree - rama master tras el primer commit.png>
Package pdftex.def Info: ./imagenes/Sourcetree - rama master tras el primer com
mit.png  used on input line 224.
(pdftex.def)             Requested size: 426.79134pt x 250.52473pt.
LaTeX Info: Redefining \. on input line 225.
LaTeX Info: Redefining \% on input line 225.
Package cleveref Info: loaded `spanish' language definitions on input line 225.


[10 <./imagenes/Sourcetree - stage all.png>]
LaTeX Info: Redefining \. on input line 232.
LaTeX Info: Redefining \% on input line 232.
Package cleveref Info: loaded `spanish' language definitions on input line 232.

 [11 <./imagenes/Sourcetree - commit.png> <./imagenes/Sourcetree - rama master 
tras el primer commit.png>]
Overfull \hbox (25.17787pt too wide) in paragraph at lines 240--241
\OT1/pcr/m/n/12 www . atlassian . com / git / tutorials / using-[]branches / me
rge-[]conflicts$[][]\OT1/cmr/m/n/12 ) 
 []

LaTeX Info: Redefining \. on input line 253.
LaTeX Info: Redefining \% on input line 253.
Package cleveref Info: loaded `spanish' language definitions on input line 253.

[12]
LaTeX Info: Redefining \. on input line 292.
LaTeX Info: Redefining \% on input line 292.
Package cleveref Info: loaded `spanish' language definitions on input line 292.

 [13]
LaTeX Info: Redefining \. on input line 338.
LaTeX Info: Redefining \% on input line 338.
Package cleveref Info: loaded `spanish' language definitions on input line 338.

 [14]
<./imagenes/resultados de JUnit.png, id=633, 800.23969pt x 172.39406pt>
File: ./imagenes/resultados de JUnit.png Graphic file (type png)
<use ./imagenes/resultados de JUnit.png>
Package pdftex.def Info: ./imagenes/resultados de JUnit.png  used on input line
 366.
(pdftex.def)             Requested size: 426.79134pt x 91.94449pt.
LaTeX Info: Redefining \. on input line 380.
LaTeX Info: Redefining \% on input line 380.
Package cleveref Info: loaded `spanish' language definitions on input line 380.

 [15 <./imagenes/resultados de JUnit.png>]
LaTeX Info: Redefining \. on input line 433.
LaTeX Info: Redefining \% on input line 433.
Package cleveref Info: loaded `spanish' language definitions on input line 433.

 [16]
<./imagenes/JUnit4 - poner bibliotecas en Java Build Path del proyecto.png, id=
735, 867.24pt x 411.03563pt>
File: ./imagenes/JUnit4 - poner bibliotecas en Java Build Path del proyecto.png
 Graphic file (type png)
<use ./imagenes/JUnit4 - poner bibliotecas en Java Build Path del proyecto.png>

Package pdftex.def Info: ./imagenes/JUnit4 - poner bibliotecas en Java Build Pa
th del proyecto.png  used on input line 465.
(pdftex.def)             Requested size: 384.10959pt x 182.05415pt.
LaTeX Info: Redefining \. on input line 468.
LaTeX Info: Redefining \% on input line 468.
Package cleveref Info: loaded `spanish' language definitions on input line 468.

 [17 <./imagenes/JUnit4 - poner bibliotecas en Java Build Path del proyecto.png
>]
Overfull \hbox (77.20845pt too wide) in paragraph at lines 484--484
[]\OT1/pcr/m/n/12 assertEquals(0, clienteDePrueba.getIDsDeLasCuentasAsociadas()
.size());[] 
 []


Overfull \hbox (178.0084pt too wide) in paragraph at lines 484--484
[]\OT1/pcr/m/n/12 java.util.ArrayList<String> cuentas = clienteDePrueba.getIDsD
eLasCuentasAsociadas();[] 
 []

<./imagenes/JUnit4 - ejecucion de los test.png, id=766, 458.46281pt x 447.17062
pt>
File: ./imagenes/JUnit4 - ejecucion de los test.png Graphic file (type png)
<use ./imagenes/JUnit4 - ejecucion de los test.png>
Package pdftex.def Info: ./imagenes/JUnit4 - ejecucion de los test.png  used on
 input line 489.
(pdftex.def)             Requested size: 341.43436pt x 333.03676pt.
LaTeX Info: Redefining \. on input line 495.
LaTeX Info: Redefining \% on input line 495.
Package cleveref Info: loaded `spanish' language definitions on input line 495.

[18 <./imagenes/JUnit4 - ejecucion de los test.png>]
Overfull \hbox (94.10844pt too wide) in paragraph at lines 498--499
\OT1/pcr/m/n/12 microsoft . com / es-[]es / visualstudio / test / getting-[]sta
rted-[]with-[]unit-[]testing ?
 []

LaTeX Info: Redefining \. on input line 526.
LaTeX Info: Redefining \% on input line 526.
Package cleveref Info: loaded `spanish' language definitions on input line 526.

[19]
LaTeX Info: Redefining \. on input line 526.
LaTeX Info: Redefining \% on input line 526.
Package cleveref Info: loaded `spanish' language definitions on input line 526.

 [20]
Cap\'{\i }tulo 2.
[21

]

Package hyperref Warning: Token not allowed in a PDF string (PDFDocEncoding):
(hyperref)                removing `\\' on input line 554.


Package hyperref Warning: Token not allowed in a PDF string (PDFDocEncoding):
(hyperref)                removing `\\' on input line 557.


Overfull \hbox (77.78316pt too wide) in paragraph at lines 564--565
\OT1/pcr/m/n/12 / / www . youtube . com / playlist ? list = PLCGFadV4FqU2yAqCzK
axnKKXgnJBUrKTE$[][] 
 []

LaTeX Info: Redefining \. on input line 579.
LaTeX Info: Redefining \% on input line 579.
Package cleveref Info: loaded `spanish' language definitions on input line 579.

[22]
LaTeX Info: Redefining \. on input line 604.
LaTeX Info: Redefining \% on input line 604.
Package cleveref Info: loaded `spanish' language definitions on input line 604.

 [23]
Overfull \hbox (35.05717pt too wide) in paragraph at lines 607--609
\OT1/cmr/m/n/12 JavaFX La-yout Pa-nes: [][]$\OT1/pcr/m/n/12 https : / / docs . 
oracle . com / javafx / 2 / layout / builtin _
 []


Overfull \hbox (30.82666pt too wide) in paragraph at lines 612--614
\OT1/cmr/m/n/12 WPF La-yout Sys-tem: [][]$\OT1/pcr/m/n/12 https : / / docs . mi
crosoft . com / es-[]es / dotnet / desktop /
 []

<./imagenes/HelloBenzirpi - pantallazo - Java.png, id=823, 466.74374pt x 49.685
62pt>
File: ./imagenes/HelloBenzirpi - pantallazo - Java.png Graphic file (type png)
<use ./imagenes/HelloBenzirpi - pantallazo - Java.png>
Package pdftex.def Info: ./imagenes/HelloBenzirpi - pantallazo - Java.png  used
 on input line 623.
(pdftex.def)             Requested size: 426.79134pt x 45.4346pt.
<./imagenes/Bocatas - pantallazo - Java.png, id=824, 609.02531pt x 177.66376pt>

File: ./imagenes/Bocatas - pantallazo - Java.png Graphic file (type png)
<use ./imagenes/Bocatas - pantallazo - Java.png>
Package pdftex.def Info: ./imagenes/Bocatas - pantallazo - Java.png  used on in
put line 627.
(pdftex.def)             Requested size: 426.79134pt x 124.50745pt.
<./imagenes/Seleccion Plana - pantallazo - Java.png, id=825, 396.7322pt x 155.8
3218pt>
File: ./imagenes/Seleccion Plana - pantallazo - Java.png Graphic file (type png
)
<use ./imagenes/Seleccion Plana - pantallazo - Java.png>
Package pdftex.def Info: ./imagenes/Seleccion Plana - pantallazo - Java.png  us
ed on input line 631.
(pdftex.def)             Requested size: 426.79134pt x 167.64235pt.
LaTeX Info: Redefining \. on input line 633.
LaTeX Info: Redefining \% on input line 633.
Package cleveref Info: loaded `spanish' language definitions on input line 633.

[24 <./imagenes/HelloBenzirpi - pantallazo - Java.png> <./imagenes/Bocatas - pa
ntallazo - Java.png>]
<./imagenes/Dialogos Estandares - JFileChooser - Java.png, id=839, 523.20468pt 
x 343.2825pt>
File: ./imagenes/Dialogos Estandares - JFileChooser - Java.png Graphic file (ty
pe png)
<use ./imagenes/Dialogos Estandares - JFileChooser - Java.png>
Package pdftex.def Info: ./imagenes/Dialogos Estandares - JFileChooser - Java.p
ng  used on input line 635.
(pdftex.def)             Requested size: 426.79134pt x 280.03204pt.
<./imagenes/Dialogos Estandares - JColorChooser - Swatches - Java.png, id=840, 
460.72125pt x 258.9675pt>
File: ./imagenes/Dialogos Estandares - JColorChooser - Swatches - Java.png Grap
hic file (type png)
<use ./imagenes/Dialogos Estandares - JColorChooser - Swatches - Java.png>
Package pdftex.def Info: ./imagenes/Dialogos Estandares - JColorChooser - Swatc
hes - Java.png  used on input line 637.
(pdftex.def)             Requested size: 213.39566pt x 119.94444pt.
<./imagenes/Dialogos Estandares - JColorChooser - RGB - Java.png, id=841, 462.2
2687pt x 259.7203pt>
File: ./imagenes/Dialogos Estandares - JColorChooser - RGB - Java.png Graphic f
ile (type png)
<use ./imagenes/Dialogos Estandares - JColorChooser - RGB - Java.png>
Package pdftex.def Info: ./imagenes/Dialogos Estandares - JColorChooser - RGB -
 Java.png  used on input line 638.
(pdftex.def)             Requested size: 213.39566pt x 119.90475pt.

Underfull \hbox (badness 10000) in paragraph at lines 634--639

 []


Overfull \hbox (2.61107pt too wide) in paragraph at lines 634--639
[] [] 
 []

LaTeX Info: Redefining \. on input line 640.
LaTeX Info: Redefining \% on input line 640.
Package cleveref Info: loaded `spanish' language definitions on input line 640.

[25 <./imagenes/Seleccion Plana - pantallazo - Java.png> <./imagenes/Dialogos E
standares - JFileChooser - Java.png>]
<./imagenes/Scroll - pantallazo - Java.png, id=848, 656.4525pt x 499.8675pt>
File: ./imagenes/Scroll - pantallazo - Java.png Graphic file (type png)
<use ./imagenes/Scroll - pantallazo - Java.png>
Package pdftex.def Info: ./imagenes/Scroll - pantallazo - Java.png  used on inp
ut line 642.
(pdftex.def)             Requested size: 341.43436pt x 259.9936pt.
<./imagenes/Split - pantallazo - Java.png, id=849, 295.1025pt x 225.09094pt>
File: ./imagenes/Split - pantallazo - Java.png Graphic file (type png)
<use ./imagenes/Split - pantallazo - Java.png>
Package pdftex.def Info: ./imagenes/Split - pantallazo - Java.png  used on inpu
t line 646.
(pdftex.def)             Requested size: 341.43436pt x 260.43591pt.
LaTeX Info: Redefining \. on input line 648.
LaTeX Info: Redefining \% on input line 648.
Package cleveref Info: loaded `spanish' language definitions on input line 648.

 [26 <./imagenes/Dialogos Estandares - JColorChooser - Swatches - Java.png> <./
imagenes/Dialogos Estandares - JColorChooser - RGB - Java.png> <./imagenes/Scro
ll - pantallazo - Java.png>]
<./imagenes/Seleccion Arborea - pantallazo - Java.png, id=857, 679.03688pt x 39
2.21532pt>
File: ./imagenes/Seleccion Arborea - pantallazo - Java.png Graphic file (type p
ng)
<use ./imagenes/Seleccion Arborea - pantallazo - Java.png>
Package pdftex.def Info: ./imagenes/Seleccion Arborea - pantallazo - Java.png  
used on input line 654.
(pdftex.def)             Requested size: 426.79134pt x 246.51643pt.
LaTeX Info: Redefining \. on input line 659.
LaTeX Info: Redefining \% on input line 659.
Package cleveref Info: loaded `spanish' language definitions on input line 659.

 [27 <./imagenes/Split - pantallazo - Java.png> <./imagenes/Seleccion Arborea -
 pantallazo - Java.png>]
<./imagenes/BarraDeProgreso - pantallazo - Java.png, id=864, 439.6425pt x 219.0
6844pt>
File: ./imagenes/BarraDeProgreso - pantallazo - Java.png Graphic file (type png
)
<use ./imagenes/BarraDeProgreso - pantallazo - Java.png>
Package pdftex.def Info: ./imagenes/BarraDeProgreso - pantallazo - Java.png  us
ed on input line 663.
(pdftex.def)             Requested size: 298.75262pt x 148.86761pt.

Overfull \hbox (6.42088pt too wide) in paragraph at lines 665--666
[]\OT1/cmr/m/n/12 Una lec-tu-ra in-tere-san-te: [][]$\OT1/pcr/m/n/12 https : / 
/ www . oracle . com / technical-[]resources /
 []

LaTeX Info: Redefining \. on input line 681.
LaTeX Info: Redefining \% on input line 681.
Package cleveref Info: loaded `spanish' language definitions on input line 681.

[28 <./imagenes/BarraDeProgreso - pantallazo - Java.png>]
LaTeX Info: Redefining \. on input line 707.
LaTeX Info: Redefining \% on input line 707.
Package cleveref Info: loaded `spanish' language definitions on input line 707.

 [29]
Cap\'{\i }tulo 3.
[30

]
LaTeX Info: Redefining \. on input line 749.
LaTeX Info: Redefining \% on input line 749.
Package cleveref Info: loaded `spanish' language definitions on input line 749.

 [31]
LaTeX Info: Redefining \. on input line 789.
LaTeX Info: Redefining \% on input line 789.
Package cleveref Info: loaded `spanish' language definitions on input line 789.

 [32]
Overfull \hbox (11.20866pt too wide) in paragraph at lines 789--789
[]\OT1/pcr/m/n/10 fuenteDeDatos = FactoriaDeGestores.getGestorDeDatos(tipoDeFue
nteDeDatos);[] 
 []


Overfull \hbox (114.70844pt too wide) in paragraph at lines 819--820
[][][]$\OT1/pcr/m/n/12 https : / / github . com / JuanMuruaOlalde / sugerencias
-[]para-[]practicar-[]programacion /
 []


Overfull \hbox (114.70844pt too wide) in paragraph at lines 821--822
[][][]$\OT1/pcr/m/n/12 https : / / github . com / JuanMuruaOlalde / sugerencias
-[]para-[]practicar-[]programacion /
 []

LaTeX Info: Redefining \. on input line 826.
LaTeX Info: Redefining \% on input line 826.
Package cleveref Info: loaded `spanish' language definitions on input line 826.

[33]
Cap\'{\i }tulo 4.
[34

]
LaTeX Info: Redefining \. on input line 910.
LaTeX Info: Redefining \% on input line 910.
Package cleveref Info: loaded `spanish' language definitions on input line 910.

 [35]
LaTeX Info: Redefining \. on input line 940.
LaTeX Info: Redefining \% on input line 940.
Package cleveref Info: loaded `spanish' language definitions on input line 940.

 [36]
LaTeX Info: Redefining \. on input line 992.
LaTeX Info: Redefining \% on input line 992.
Package cleveref Info: loaded `spanish' language definitions on input line 992.

 [37]
LaTeX Info: Redefining \. on input line 1045.
LaTeX Info: Redefining \% on input line 1045.
Package cleveref Info: loaded `spanish' language definitions on input line 1045
.
 [38]
LaTeX Info: Redefining \. on input line 1097.
LaTeX Info: Redefining \% on input line 1097.
Package cleveref Info: loaded `spanish' language definitions on input line 1097
.
 [39]
LaTeX Font Info:    Trying to load font information for TS1+pcr on input line 1
113.

(C:\Users\Juan\AppData\Roaming\MiKTeX\tex/latex/psnfss\ts1pcr.fd
File: ts1pcr.fd 2001/06/04 font definitions for TS1/pcr.
)
Overfull \hbox (46.2133pt too wide) in paragraph at lines 1114--1115
[][][][][] 
 []


Overfull \hbox (60.21324pt too wide) in paragraph at lines 1114--1115
[][] 
 []


Overfull \hbox (72.21336pt too wide) in paragraph at lines 1114--1115
[][] 
 []


Overfull \hbox (54.21318pt too wide) in paragraph at lines 1114--1115
[][] 
 []


Overfull \hbox (48.21312pt too wide) in paragraph at lines 1114--1115
[]  
 []


Overfull \hbox (3.33656pt too wide) in paragraph at lines 1124--1124
[]\OT1/cmr/bx/n/17.28 Estructuras arboreas (trees) y gra-fos (graphs) 
 []


Overfull \hbox (8.2057pt too wide) in paragraph at lines 1129--1130
[]\OT1/cmr/m/n/12 nota: Si te-ne-mos cu-rio-si-dad,...una re-fe-ren-cia don-de 
pro-fun-di-zar en el te-ma...[][]$\OT1/pcr/m/n/12 https :
 []

LaTeX Info: Redefining \. on input line 1133.
LaTeX Info: Redefining \% on input line 1133.
Package cleveref Info: loaded `spanish' language definitions on input line 1133
.
[40]
Overfull \hbox (1.60042pt too wide) in paragraph at lines 1141--1142
[]\OT1/cmr/m/n/12 : Tra-ba-jan con tria-das `objeto-<tipo de re-la-cion>-objet
o', (tri-ples RDF).
 []


Overfull \hbox (49.40846pt too wide) in paragraph at lines 1153--1154
[][][]$\OT1/pcr/m/n/12 https : / / www . tutorialsteacher . com / csharp / csha
rp-[]generic-[]collections$[][] 
 []

LaTeX Info: Redefining \. on input line 1157.
LaTeX Info: Redefining \% on input line 1157.
Package cleveref Info: loaded `spanish' language definitions on input line 1157
.
[41]
Underfull \hbox (badness 10000) in paragraph at lines 1160--1163

 []


Underfull \hbox (badness 10000) in paragraph at lines 1160--1163

 []


Overfull \hbox (114.70844pt too wide) in paragraph at lines 1206--1207
[][][]$\OT1/pcr/m/n/12 https : / / github . com / JuanMuruaOlalde / sugerencias
-[]para-[]practicar-[]programacion /
 []

LaTeX Info: Redefining \. on input line 1207.
LaTeX Info: Redefining \% on input line 1207.
Package cleveref Info: loaded `spanish' language definitions on input line 1207
.
[42]
Overfull \hbox (114.70844pt too wide) in paragraph at lines 1208--1209
[][][]$\OT1/pcr/m/n/12 https : / / github . com / JuanMuruaOlalde / sugerencias
-[]para-[]practicar-[]programacion /
 []

LaTeX Info: Redefining \. on input line 1213.
LaTeX Info: Redefining \% on input line 1213.
Package cleveref Info: loaded `spanish' language definitions on input line 1213
.
[43]
Cap\'{\i }tulo 5.
[44

]
Overfull \hbox (6.20848pt too wide) in paragraph at lines 1278--1281
[][]$\OT1/pcr/m/n/12 https : / / docs . microsoft . com / es-[]es / dotnet / st
andard / base-[]types /
 []

LaTeX Info: Redefining \. on input line 1282.
LaTeX Info: Redefining \% on input line 1282.
Package cleveref Info: loaded `spanish' language definitions on input line 1282
.
[45]
LaTeX Font Info:    Trying to load font information for OML+cmr on input line 1
286.
 ("C:\Program Files\MiKTeX\tex/latex/base\omlcmr.fd"
File: omlcmr.fd 2019/12/16 v2.5j Standard LaTeX font definitions
)
LaTeX Font Info:    Font shape `OML/cmr/m/n' in size <8> not available
(Font)              Font shape `OML/cmm/m/it' tried instead on input line 1286.

LaTeX Info: Redefining \. on input line 1329.
LaTeX Info: Redefining \% on input line 1329.
Package cleveref Info: loaded `spanish' language definitions on input line 1329
.
 [46]
LaTeX Font Info:    Trying to load font information for OMS+cmr on input line 1
338.

("C:\Program Files\MiKTeX\tex/latex/base\omscmr.fd"
File: omscmr.fd 2019/12/16 v2.5j Standard LaTeX font definitions
)
LaTeX Font Info:    Font shape `OMS/cmr/m/n' in size <8> not available
(Font)              Font shape `OMS/cmsy/m/n' tried instead on input line 1338.

LaTeX Info: Redefining \. on input line 1386.
LaTeX Info: Redefining \% on input line 1386.
Package cleveref Info: loaded `spanish' language definitions on input line 1386
.
 [47]
Overfull \hbox (114.70844pt too wide) in paragraph at lines 1395--1396
[][][]$\OT1/pcr/m/n/12 https : / / github . com / JuanMuruaOlalde / sugerencias
-[]para-[]practicar-[]programacion /
 []


Overfull \hbox (114.70844pt too wide) in paragraph at lines 1397--1398
[][][]$\OT1/pcr/m/n/12 https : / / github . com / JuanMuruaOlalde / sugerencias
-[]para-[]practicar-[]programacion /
 []

LaTeX Info: Redefining \. on input line 1399.
LaTeX Info: Redefining \% on input line 1399.
Package cleveref Info: loaded `spanish' language definitions on input line 1399
.
[48]
Cap\'{\i }tulo 6.

Overfull \hbox (14.63324pt too wide) in paragraph at lines 1436--1437
[][] 
 []

[49

]
LaTeX Info: Redefining \. on input line 1462.
LaTeX Info: Redefining \% on input line 1462.
Package cleveref Info: loaded `spanish' language definitions on input line 1462
.
 [50]
LaTeX Info: Redefining \. on input line 1472.
LaTeX Info: Redefining \% on input line 1472.
Package cleveref Info: loaded `spanish' language definitions on input line 1472
.
 [51]
Cap\'{\i }tulo 7.
[52

]
LaTeX Info: Redefining \. on input line 1544.
LaTeX Info: Redefining \% on input line 1544.
Package cleveref Info: loaded `spanish' language definitions on input line 1544
.
 [53]
Cap\'{\i }tulo 8.
[54

]
LaTeX Info: Redefining \. on input line 1586.
LaTeX Info: Redefining \% on input line 1586.
Package cleveref Info: loaded `spanish' language definitions on input line 1586
.
 [55]
LaTeX Info: Redefining \. on input line 1625.
LaTeX Info: Redefining \% on input line 1625.
Package cleveref Info: loaded `spanish' language definitions on input line 1625
.
 [56]
LaTeX Info: Redefining \. on input line 1667.
LaTeX Info: Redefining \% on input line 1667.
Package cleveref Info: loaded `spanish' language definitions on input line 1667
.
 [57]
LaTeX Info: Redefining \. on input line 1694.
LaTeX Info: Redefining \% on input line 1694.
Package cleveref Info: loaded `spanish' language definitions on input line 1694
.
 [58]
LaTeX Info: Redefining \. on input line 1726.
LaTeX Info: Redefining \% on input line 1726.
Package cleveref Info: loaded `spanish' language definitions on input line 1726
.
 [59]
LaTeX Info: Redefining \. on input line 1751.
LaTeX Info: Redefining \% on input line 1751.
Package cleveref Info: loaded `spanish' language definitions on input line 1751
.
 [60]
Cap\'{\i }tulo 9.
[61

]
LaTeX Info: Redefining \. on input line 1793.
LaTeX Info: Redefining \% on input line 1793.
Package cleveref Info: loaded `spanish' language definitions on input line 1793
.
 [62]
<./imagenes/arquitecturas multicapa.png, id=1389, 1265.43353pt x 999.02647pt>
File: ./imagenes/arquitecturas multicapa.png Graphic file (type png)
<use ./imagenes/arquitecturas multicapa.png>
Package pdftex.def Info: ./imagenes/arquitecturas multicapa.png  used on input 
line 1802.
(pdftex.def)             Requested size: 469.47307pt x 370.6401pt.

Overfull \hbox (42.68173pt too wide) in paragraph at lines 1801--1803
[] 
 []

LaTeX Info: Redefining \. on input line 1808.
LaTeX Info: Redefining \% on input line 1808.
Package cleveref Info: loaded `spanish' language definitions on input line 1808
.
[63 <./imagenes/arquitecturas multicapa.png>]
LaTeX Info: Redefining \. on input line 1843.
LaTeX Info: Redefining \% on input line 1843.
Package cleveref Info: loaded `spanish' language definitions on input line 1843
.
 [64]
<./imagenes/division en capas - MVC.png, id=1398, 434.37282pt x 341.77687pt>
File: ./imagenes/division en capas - MVC.png Graphic file (type png)
<use ./imagenes/division en capas - MVC.png>
Package pdftex.def Info: ./imagenes/division en capas - MVC.png  used on input 
line 1844.
(pdftex.def)             Requested size: 298.75262pt x 235.08054pt.
<./imagenes/division en capas - MVC - distintas interpretaciones.png, id=1399, 
453.695pt x 419.5675pt>
File: ./imagenes/division en capas - MVC - distintas interpretaciones.png Graph
ic file (type png)
<use ./imagenes/division en capas - MVC - distintas interpretaciones.png>
Package pdftex.def Info: ./imagenes/division en capas - MVC - distintas interpr
etaciones.png  used on input line 1847.
(pdftex.def)             Requested size: 298.75262pt x 276.28159pt.
LaTeX Info: Redefining \. on input line 1850.
LaTeX Info: Redefining \% on input line 1850.
Package cleveref Info: loaded `spanish' language definitions on input line 1850
.
 [65 <./imagenes/division en capas - MVC.png> <./imagenes/division en capas - M
VC - distintas interpretaciones.png>]
<./imagenes/division en capas - MVC -ampliada-.png, id=1405, 641.39626pt x 444.
66125pt>
File: ./imagenes/division en capas - MVC -ampliada-.png Graphic file (type png)

<use ./imagenes/division en capas - MVC -ampliada-.png>
Package pdftex.def Info: ./imagenes/division en capas - MVC -ampliada-.png  use
d on input line 1857.
(pdftex.def)             Requested size: 341.43436pt x 236.70743pt.

Overfull \hbox (8.91531pt too wide) in paragraph at lines 1859--1861
[]\OT1/cmr/m/n/12 Al ex-ten-der-la, quiza fue-ra me-jor cam-biar-le el nom-bre
 de MVC (\OT1/cmr/m/n/10 Modelo-Vista-Controlador\OT1/cmr/m/n/12 )
 []

LaTeX Info: Redefining \. on input line 1875.
LaTeX Info: Redefining \% on input line 1875.
Package cleveref Info: loaded `spanish' language definitions on input line 1875
.
[66 <./imagenes/division en capas - MVC -ampliada-.png>]
<./imagenes/Arquitectura Hexagonal.png, id=1413, 1077.02374pt x 768.8725pt>
File: ./imagenes/Arquitectura Hexagonal.png Graphic file (type png)
<use ./imagenes/Arquitectura Hexagonal.png>
Package pdftex.def Info: ./imagenes/Arquitectura Hexagonal.png  used on input l
ine 1879.
(pdftex.def)             Requested size: 341.43436pt x 243.74475pt.
LaTeX Info: Redefining \. on input line 1899.
LaTeX Info: Redefining \% on input line 1899.
Package cleveref Info: loaded `spanish' language definitions on input line 1899
.
 [67 <./imagenes/Arquitectura Hexagonal.png>]
LaTeX Info: Redefining \. on input line 1937.
LaTeX Info: Redefining \% on input line 1937.
Package cleveref Info: loaded `spanish' language definitions on input line 1937
.
 [68]
<./imagenes/division en capas - DDD.png, id=1430, 1346.02875pt x 1065.9825pt>
File: ./imagenes/division en capas - DDD.png Graphic file (type png)
<use ./imagenes/division en capas - DDD.png>
Package pdftex.def Info: ./imagenes/division en capas - DDD.png  used on input 
line 1942.
(pdftex.def)             Requested size: 384.10959pt x 304.19855pt.

Overfull \hbox (11.70866pt too wide) in paragraph at lines 1954--1956
[][]$\OT1/pcr/m/n/10 https : / / github . com / JuanMuruaOlalde / DesarrolloDeS
oftware / tree / main / 02-[]Mas _
 []


Overfull \hbox (15.77945pt too wide) in paragraph at lines 1958--1960
\OT1/cmr/bx/n/10 SO-LID\OT1/cmr/m/n/10 . Por ejem-plo, le-yen-do la co-rres-pon
-dien-te sec-cion en el do-cu-men-to [][]$\OT1/pcr/m/n/10 https : / / www . su
sosise .
 []

LaTeX Info: Redefining \. on input line 1962.
LaTeX Info: Redefining \% on input line 1962.
Package cleveref Info: loaded `spanish' language definitions on input line 1962
.
[69 <./imagenes/division en capas - DDD.png>]
LaTeX Info: Redefining \. on input line 1979.
LaTeX Info: Redefining \% on input line 1979.
Package cleveref Info: loaded `spanish' language definitions on input line 1979
.
 [70]
Overfull \hbox (43.20847pt too wide) in paragraph at lines 1987--1991
[][]$\OT1/pcr/m/n/12 https : / / www . mpi-[]forum . org / docs / mpi-[]3 . 1 /
 mpi31-[]report / mpi31-[]report .
 []


Package hyperref Warning: Token not allowed in a PDF string (PDFDocEncoding):
(hyperref)                removing `\\' on input line 1994.


Package hyperref Warning: Token not allowed in a PDF string (PDFDocEncoding):
(hyperref)                removing `\\' on input line 2005.

LaTeX Info: Redefining \. on input line 2017.
LaTeX Info: Redefining \% on input line 2017.
Package cleveref Info: loaded `spanish' language definitions on input line 2017
.
[71]
Overfull \hbox (19.60847pt too wide) in paragraph at lines 2047--2049
[][]$\OT1/pcr/m/n/12 https : / / martinfowler . com / articles / richardsonMatu
rityModel . html$[][] 
 []

LaTeX Info: Redefining \. on input line 2049.
LaTeX Info: Redefining \% on input line 2049.
Package cleveref Info: loaded `spanish' language definitions on input line 2049
.
[72]
Overfull \hbox (114.70844pt too wide) in paragraph at lines 2063--2064
[][][]$\OT1/pcr/m/n/12 https : / / github . com / JuanMuruaOlalde / sugerencias
-[]para-[]practicar-[]programacion /
 []


Overfull \hbox (114.70844pt too wide) in paragraph at lines 2065--2066
[][][]$\OT1/pcr/m/n/12 https : / / github . com / JuanMuruaOlalde / sugerencias
-[]para-[]practicar-[]programacion /
 []


Overfull \hbox (114.70844pt too wide) in paragraph at lines 2067--2068
[][][]$\OT1/pcr/m/n/12 https : / / github . com / JuanMuruaOlalde / sugerencias
-[]para-[]practicar-[]programacion /
 []


Overfull \hbox (114.70844pt too wide) in paragraph at lines 2071--2072
[][][]$\OT1/pcr/m/n/12 https : / / github . com / JuanMuruaOlalde / sugerencias
-[]para-[]practicar-[]programacion /
 []

LaTeX Info: Redefining \. on input line 2076.
LaTeX Info: Redefining \% on input line 2076.
Package cleveref Info: loaded `spanish' language definitions on input line 2076
.
[73]
Cap\'{\i }tulo 10.

Overfull \hbox (23.76233pt too wide) in paragraph at lines 2082--2086
\OT1/cmr/m/n/12 (o el JDK co-mer-cial de Ora-cle: [][]$\OT1/pcr/m/n/12 https : 
/ / www . oracle . com / java / technologies /
 []

[74

]
Overfull \hbox (45.6416pt too wide) in paragraph at lines 2103--2106
\OT1/cmr/m/n/12 ::: Ma-ven PMD Plu-gin: [][]$\OT1/pcr/m/n/12 https : / / maven 
. apache . org / plugins / maven-[]pmd-[]plugin$[][] 
 []


Overfull \hbox (55.64522pt too wide) in paragraph at lines 2111--2114
\OT1/cmr/m/n/12 JProfiler: [][]$\OT1/pcr/m/n/12 https : / / www . ej-[]technolo
gies . com / products / jprofiler / overview .
 []

LaTeX Info: Redefining \. on input line 2146.
LaTeX Info: Redefining \% on input line 2146.
Package cleveref Info: loaded `spanish' language definitions on input line 2146
.
[75]
Overfull \hbox (38.28004pt too wide) in paragraph at lines 2178--2179
[]\OT1/cmr/m/n/12 Un ana-li-za-dor de ren-di-mien-to (pro-fi-ler) ::: PyVm-Mo-n
i-tor: [][]$\OT1/pcr/m/n/12 https : / / www . pyvmmonitor .
 []

LaTeX Info: Redefining \. on input line 2185.
LaTeX Info: Redefining \% on input line 2185.
Package cleveref Info: loaded `spanish' language definitions on input line 2185
.
[76]
Overfull \hbox (3.20647pt too wide) in paragraph at lines 2186--2186
[]\OT1/cmr/bx/n/17.28 Para pro-gra-mar en HTML5/CSS/Javascript 
 []

LaTeX Info: Redefining \. on input line 2225.
LaTeX Info: Redefining \% on input line 2225.
Package cleveref Info: loaded `spanish' language definitions on input line 2225
.
[77]
Overfull \hbox (7.38095pt too wide) in paragraph at lines 2227--2227
[]\OT1/cmr/bx/n/17.28 Una he-rra-mien-ta trans-ver-sal: al-ma-ce-na-mien-
 []


Package caption Warning: Unused \captionsetup[verbatim] on input line 75.
See the caption package documentation for explanation.

Package atveryend Info: Empty hook `BeforeClearDocument' on input line 2244.
LaTeX Info: Redefining \. on input line 2244.
LaTeX Info: Redefining \% on input line 2244.
Package cleveref Info: loaded `spanish' language definitions on input line 2244
.
[78]
Package atveryend Info: Empty hook `AfterLastShipout' on input line 2244.
 (Mas_alla_del_IF_y_del_WHILE.aux
LaTeX Info: Redefining \. on input line 25.
LaTeX Info: Redefining \% on input line 25.
Package cleveref Info: loaded `spanish' language definitions on input line 25.
)
Package atveryend Info: Executing hook `AtVeryEndDocument' on input line 2244.
Package atveryend Info: Executing hook `AtEndAfterFileList' on input line 2244.

Package rerunfilecheck Info: File `Mas_alla_del_IF_y_del_WHILE.out' has not cha
nged.
(rerunfilecheck)             Checksum: BA098179A5563501C37E19505A53B18C;6986.
Package atveryend Info: Empty hook `AtVeryVeryEnd' on input line 2244.
 ) 
Here is how much of TeX's memory you used:
 14593 strings out of 480790
 237130 string characters out of 2907058
 695852 words of memory out of 3000000
 29648 multiletter control sequences out of 15000+200000
 546654 words of font info for 78 fonts, out of 3000000 for 9000
 1141 hyphenation exceptions out of 8191
 39i,13n,45p,709b,2512s stack positions out of 5000i,500n,10000p,200000b,50000s
 <C:\Users\Juan\AppData\Local\MiKTeX\fonts/pk/ljfour/jknappen/ec/dpi600\tcrm1
200.pk>{C:/Program Files/MiKTeX/fonts/enc/dvips/base/8r.enc}<C:/Program Files/M
iKTeX/fonts/type1/public/amsfonts/cm/cmbx10.pfb><C:/Program Files/MiKTeX/fonts/
type1/public/amsfonts/cm/cmbx12.pfb><C:/Program Files/MiKTeX/fonts/type1/public
/amsfonts/cm/cmcsc10.pfb><C:/Program Files/MiKTeX/fonts/type1/public/amsfonts/c
m/cmmi8.pfb><C:/Program Files/MiKTeX/fonts/type1/public/amsfonts/cm/cmr10.pfb><
C:/Program Files/MiKTeX/fonts/type1/public/amsfonts/cm/cmr12.pfb><C:/Program Fi
les/MiKTeX/fonts/type1/public/amsfonts/cm/cmr17.pfb><C:/Program Files/MiKTeX/fo
nts/type1/public/amsfonts/cm/cmr7.pfb><C:/Program Files/MiKTeX/fonts/type1/publ
ic/amsfonts/cm/cmr8.pfb><C:/Program Files/MiKTeX/fonts/type1/public/amsfonts/cm
/cmsy10.pfb><C:/Program Files/MiKTeX/fonts/type1/public/amsfonts/cm/cmsy8.pfb><
C:/Program Files/MiKTeX/fonts/type1/public/amsfonts/cm/cmti10.pfb><C:/Program F
iles/MiKTeX/fonts/type1/public/amsfonts/cm/cmti12.pfb><C:/Program Files/MiKTeX/
fonts/type1/urw/courier/ucrr8a.pfb>
Output written on Mas_alla_del_IF_y_del_WHILE.pdf (79 pages, 1442164 bytes).
PDF statistics:
 1768 PDF objects out of 2073 (max. 8388607)
 703 named destinations out of 1000 (max. 500000)
 860 words of extra memory for PDF output out of 10000 (max. 10000000)

